0 verbose cli C:\Program Files\nodejs\node.exe C:\Program Files\nodejs\node_modules\npm\bin\npm-cli.js
1 info using npm@10.9.2
2 info using node@v22.17.0
3 silly config load:file:C:\Program Files\nodejs\node_modules\npm\npmrc
4 silly config load:file:C:\Users\Supraj U Shivajji\Downloads\hackathon\pro1\.npmrc
5 silly config load:file:C:\Users\Supraj U Shivajji\.npmrc
6 silly config load:file:C:\Users\Supraj U Shivajji\AppData\Roaming\npm\etc\npmrc
7 verbose title npm install next@16.2.6 eslint-config-next@16.2.6
8 verbose argv "install" "next@16.2.6" "eslint-config-next@16.2.6" "--cache" ".npm-cache" "--fetch-retries" "1" "--fetch-timeout" "30000" "--loglevel" "warn"
9 verbose logfile logs-max:10 dir:C:\Users\Supraj U Shivajji\Downloads\hackathon\pro1\.npm-cache\_logs\2026-05-15T14_47_09_545Z-
10 verbose logfile C:\Users\Supraj U Shivajji\Downloads\hackathon\pro1\.npm-cache\_logs\2026-05-15T14_47_09_545Z-debug-0.log
11 silly logfile done cleaning log files
12 silly packumentCache heap:4345298944 maxSize:1086324736 maxEntrySize:543162368
13 silly idealTree buildDeps
14 silly fetch manifest next@16.2.6
15 silly packumentCache full:https://registry.npmjs.org/next cache-miss
16 http cache https://registry.npmjs.org/next 331ms (cache hit)
17 silly packumentCache full:https://registry.npmjs.org/next set size:30401804 disposed:false
18 silly fetch manifest @opentelemetry/api@^1.1.0
19 silly packumentCache full:https://registry.npmjs.org/@opentelemetry%2fapi cache-miss
20 http cache https://registry.npmjs.org/@opentelemetry%2fapi 21ms (cache hit)
21 silly packumentCache full:https://registry.npmjs.org/@opentelemetry%2fapi set size:272967 disposed:false
22 silly fetch manifest @playwright/test@^1.51.1
23 silly packumentCache full:https://registry.npmjs.org/@playwright%2ftest cache-miss
24 http fetch GET 200 https://registry.npmjs.org/@playwright%2ftest 5206ms (cache revalidated)
25 silly packumentCache full:https://registry.npmjs.org/@playwright%2ftest set size:9126233 disposed:false
26 silly fetch manifest babel-plugin-react-compiler@*
27 silly packumentCache full:https://registry.npmjs.org/babel-plugin-react-compiler cache-miss
28 http cache https://registry.npmjs.org/babel-plugin-react-compiler 43ms (cache hit)
29 silly packumentCache full:https://registry.npmjs.org/babel-plugin-react-compiler set size:1356999 disposed:false
30 silly fetch manifest react@^19.0.0
31 silly packumentCache full:https://registry.npmjs.org/react cache-miss
32 http cache https://registry.npmjs.org/react 68ms (cache hit)
33 silly packumentCache full:https://registry.npmjs.org/react set size:6650647 disposed:false
34 silly fetch manifest react-dom@^19.0.0
35 silly packumentCache full:https://registry.npmjs.org/react-dom cache-miss
36 http cache https://registry.npmjs.org/react-dom 107ms (cache hit)
37 silly packumentCache full:https://registry.npmjs.org/react-dom set size:8868827 disposed:false
38 silly fetch manifest sass@^1.3.0
39 silly packumentCache full:https://registry.npmjs.org/sass cache-miss
40 http cache https://registry.npmjs.org/sass 31ms (cache hit)
41 silly packumentCache full:https://registry.npmjs.org/sass set size:726244 disposed:false
42 silly fetch manifest eslint-config-next@16.2.6
43 silly packumentCache full:https://registry.npmjs.org/eslint-config-next cache-miss
44 http cache https://registry.npmjs.org/eslint-config-next 75ms (cache hit)
45 silly packumentCache full:https://registry.npmjs.org/eslint-config-next set size:6671701 disposed:false
46 silly fetch manifest eslint@^9.17.0
47 silly packumentCache full:https://registry.npmjs.org/eslint cache-miss
48 http cache https://registry.npmjs.org/eslint 63ms (cache hit)
49 silly packumentCache full:https://registry.npmjs.org/eslint set size:1997485 disposed:false
50 silly fetch manifest jiti@*
51 silly packumentCache full:https://registry.npmjs.org/jiti cache-miss
52 http cache https://registry.npmjs.org/jiti 31ms (cache hit)
53 silly packumentCache full:https://registry.npmjs.org/jiti set size:387989 disposed:false
54 silly fetch manifest typescript@^5.7.2
55 silly packumentCache full:https://registry.npmjs.org/typescript cache-miss
56 http cache https://registry.npmjs.org/typescript 135ms (cache hit)
57 silly packumentCache full:https://registry.npmjs.org/typescript set size:15409943 disposed:false
58 silly placeDep ROOT eslint-config-next@16.2.6 REPLACE for: careeros-ai@0.1.0 want: 16.2.6
59 silly placeDep ROOT next@16.2.6 REPLACE for: careeros-ai@0.1.0 want: 16.2.6
60 silly fetch manifest globals@16.4.0
61 silly packumentCache full:https://registry.npmjs.org/globals cache-miss
62 silly fetch manifest typescript-eslint@^8.46.0
63 silly packumentCache full:https://registry.npmjs.org/typescript-eslint cache-miss
64 silly fetch manifest @next/eslint-plugin-next@16.2.6
65 silly packumentCache full:https://registry.npmjs.org/@next%2feslint-plugin-next cache-miss
66 silly fetch manifest eslint-plugin-react-hooks@^7.0.0
67 silly packumentCache full:https://registry.npmjs.org/eslint-plugin-react-hooks cache-miss
68 silly fetch manifest @next/env@16.2.6
69 silly packumentCache full:https://registry.npmjs.org/@next%2fenv cache-miss
70 silly fetch manifest @next/swc-darwin-x64@16.2.6
71 silly packumentCache full:https://registry.npmjs.org/@next%2fswc-darwin-x64 cache-miss
72 silly fetch manifest @next/swc-darwin-arm64@16.2.6
73 silly packumentCache full:https://registry.npmjs.org/@next%2fswc-darwin-arm64 cache-miss
74 silly fetch manifest @next/swc-linux-x64-gnu@16.2.6
75 silly packumentCache full:https://registry.npmjs.org/@next%2fswc-linux-x64-gnu cache-miss
76 silly fetch manifest @next/swc-linux-x64-musl@16.2.6
77 silly packumentCache full:https://registry.npmjs.org/@next%2fswc-linux-x64-musl cache-miss
78 silly fetch manifest @next/swc-win32-x64-msvc@16.2.6
79 silly packumentCache full:https://registry.npmjs.org/@next%2fswc-win32-x64-msvc cache-miss
80 silly fetch manifest @next/swc-linux-arm64-gnu@16.2.6
81 silly packumentCache full:https://registry.npmjs.org/@next%2fswc-linux-arm64-gnu cache-miss
82 silly fetch manifest @next/swc-linux-arm64-musl@16.2.6
83 silly packumentCache full:https://registry.npmjs.org/@next%2fswc-linux-arm64-musl cache-miss
84 silly fetch manifest @next/swc-win32-arm64-msvc@16.2.6
85 silly packumentCache full:https://registry.npmjs.org/@next%2fswc-win32-arm64-msvc cache-miss
86 http cache https://registry.npmjs.org/globals 122ms (cache hit)
87 silly packumentCache full:https://registry.npmjs.org/globals set size:315985 disposed:false
88 http cache https://registry.npmjs.org/@next%2fswc-darwin-arm64 162ms (cache hit)
89 silly packumentCache full:https://registry.npmjs.org/@next%2fswc-darwin-arm64 set size:5247031 disposed:false
90 http cache https://registry.npmjs.org/@next%2feslint-plugin-next 306ms (cache hit)
91 silly packumentCache full:https://registry.npmjs.org/@next%2feslint-plugin-next set size:6762712 disposed:false
92 http cache https://registry.npmjs.org/@next%2fswc-linux-x64-gnu 498ms (cache hit)
93 silly packumentCache full:https://registry.npmjs.org/@next%2fswc-linux-x64-gnu set size:5296143 disposed:false
94 http cache https://registry.npmjs.org/@next%2fenv 651ms (cache hit)
95 silly packumentCache full:https://registry.npmjs.org/@next%2fenv set size:7239737 disposed:false
96 http cache https://registry.npmjs.org/@next%2fswc-linux-arm64-gnu 934ms (cache hit)
97 silly packumentCache full:https://registry.npmjs.org/@next%2fswc-linux-arm64-gnu set size:5099293 disposed:false
98 http cache https://registry.npmjs.org/eslint-plugin-react-hooks 1084ms (cache hit)
99 silly packumentCache full:https://registry.npmjs.org/eslint-plugin-react-hooks set size:7373073 disposed:false
100 http cache https://registry.npmjs.org/@next%2fswc-darwin-x64 1258ms (cache hit)
101 silly packumentCache full:https://registry.npmjs.org/@next%2fswc-darwin-x64 set size:5190287 disposed:false
102 http cache https://registry.npmjs.org/@next%2fswc-win32-x64-msvc 1372ms (cache hit)
103 silly packumentCache full:https://registry.npmjs.org/@next%2fswc-win32-x64-msvc set size:5268136 disposed:false
104 http cache https://registry.npmjs.org/@next%2fswc-linux-x64-musl 1544ms (cache hit)
105 silly packumentCache full:https://registry.npmjs.org/@next%2fswc-linux-x64-musl set size:5052203 disposed:false
106 http cache https://registry.npmjs.org/@next%2fswc-linux-arm64-musl 1654ms (cache hit)
107 silly packumentCache full:https://registry.npmjs.org/@next%2fswc-linux-arm64-musl set size:5117127 disposed:false
108 http cache https://registry.npmjs.org/@next%2fswc-win32-arm64-msvc 1769ms (cache hit)
109 silly packumentCache full:https://registry.npmjs.org/@next%2fswc-win32-arm64-msvc set size:5081320 disposed:false
110 http fetch GET 200 https://registry.npmjs.org/typescript-eslint 2053ms (cache miss)
111 silly packumentCache full:https://registry.npmjs.org/typescript-eslint set size:undefined disposed:false
112 silly fetch manifest eslint@>=9.0.0
113 silly packumentCache full:https://registry.npmjs.org/eslint cache-miss
114 http cache https://registry.npmjs.org/eslint 27ms (cache hit)
115 silly packumentCache full:https://registry.npmjs.org/eslint set size:1997485 disposed:false
116 silly fetch manifest typescript@>=3.3.1
117 silly packumentCache full:https://registry.npmjs.org/typescript cache-miss
118 http cache https://registry.npmjs.org/typescript 120ms (cache hit)
119 silly packumentCache full:https://registry.npmjs.org/typescript set size:15409943 disposed:false
120 silly placeDep ROOT @next/eslint-plugin-next@16.2.6 OK for: eslint-config-next@16.2.6 want: 16.2.6
121 silly placeDep ROOT eslint-plugin-react-hooks@7.1.1 OK for: eslint-config-next@16.2.6 want: ^7.0.0
122 silly placeDep node_modules/eslint-config-next globals@16.4.0 OK for: eslint-config-next@16.2.6 want: 16.4.0
123 silly placeDep ROOT typescript-eslint@8.59.3 OK for: eslint-config-next@16.2.6 want: ^8.46.0
124 silly fetch manifest fast-glob@3.3.1
125 silly packumentCache full:https://registry.npmjs.org/fast-glob cache-miss
126 silly fetch manifest zod@^3.25.0 || ^4.0.0
127 silly packumentCache full:https://registry.npmjs.org/zod cache-miss
128 silly fetch manifest @babel/core@^7.24.4
129 silly packumentCache full:https://registry.npmjs.org/@babel%2fcore cache-miss
130 silly fetch manifest @babel/parser@^7.24.4
131 silly packumentCache full:https://registry.npmjs.org/@babel%2fparser cache-miss
132 silly fetch manifest hermes-parser@^0.25.1
133 silly packumentCache full:https://registry.npmjs.org/hermes-parser cache-miss
134 silly fetch manifest zod-validation-error@^3.5.0 || ^4.0.0
135 silly packumentCache full:https://registry.npmjs.org/zod-validation-error cache-miss
136 silly fetch manifest @typescript-eslint/utils@8.59.3
137 silly packumentCache full:https://registry.npmjs.org/@typescript-eslint%2futils cache-miss
138 silly fetch manifest @typescript-eslint/parser@8.59.3
139 silly packumentCache full:https://registry.npmjs.org/@typescript-eslint%2fparser cache-miss
140 silly fetch manifest @typescript-eslint/eslint-plugin@8.59.3
141 silly packumentCache full:https://registry.npmjs.org/@typescript-eslint%2feslint-plugin cache-miss
142 silly fetch manifest @typescript-eslint/typescript-estree@8.59.3
143 silly packumentCache full:https://registry.npmjs.org/@typescript-eslint%2ftypescript-estree cache-miss
144 http cache https://registry.npmjs.org/fast-glob 118ms (cache hit)
145 silly packumentCache full:https://registry.npmjs.org/fast-glob set size:220556 disposed:false
146 http cache https://registry.npmjs.org/@typescript-eslint%2futils 224ms (cache hit)
147 silly packumentCache full:https://registry.npmjs.org/@typescript-eslint%2futils set size:10096019 disposed:false
148 http cache https://registry.npmjs.org/@typescript-eslint%2feslint-plugin 535ms (cache hit)
149 silly packumentCache full:https://registry.npmjs.org/@typescript-eslint%2feslint-plugin set size:17868269 disposed:false
150 http cache https://registry.npmjs.org/@typescript-eslint%2fparser 1033ms (cache hit)
151 silly packumentCache full:https://registry.npmjs.org/@typescript-eslint%2fparser set size:15144128 disposed:false
152 http cache https://registry.npmjs.org/@typescript-eslint%2ftypescript-estree 1516ms (cache hit)
153 silly packumentCache full:https://registry.npmjs.org/@typescript-eslint%2ftypescript-estree set size:16340474 disposed:false
154 http fetch GET 200 https://registry.npmjs.org/zod-validation-error 2099ms (cache miss)
155 silly packumentCache full:https://registry.npmjs.org/zod-validation-error set size:undefined disposed:false
156 http fetch GET 200 https://registry.npmjs.org/hermes-parser 2116ms (cache miss)
157 silly packumentCache full:https://registry.npmjs.org/hermes-parser set size:undefined disposed:false
158 http fetch GET 200 https://registry.npmjs.org/@babel%2fparser 2193ms (cache miss)
159 silly packumentCache full:https://registry.npmjs.org/@babel%2fparser set size:undefined disposed:false
160 http fetch GET 200 https://registry.npmjs.org/@babel%2fcore 2227ms (cache miss)
161 silly packumentCache full:https://registry.npmjs.org/@babel%2fcore set size:undefined disposed:false
162 http fetch GET 200 https://registry.npmjs.org/zod 2280ms (cache miss)
163 silly packumentCache full:https://registry.npmjs.org/zod set size:undefined disposed:false
164 silly placeDep ROOT fast-glob@3.3.1 OK for: @next/eslint-plugin-next@16.2.6 want: 3.3.1
165 silly fetch manifest glob-parent@^5.1.2
166 silly packumentCache full:https://registry.npmjs.org/glob-parent cache-miss
167 http cache https://registry.npmjs.org/glob-parent 37ms (cache hit)
168 silly packumentCache full:https://registry.npmjs.org/glob-parent set size:42445 disposed:false
169 silly placeDep ROOT @babel/core@7.29.0 OK for: eslint-plugin-react-hooks@7.1.1 want: ^7.24.4
170 silly placeDep ROOT @babel/parser@7.29.3 OK for: eslint-plugin-react-hooks@7.1.1 want: ^7.24.4
171 silly placeDep ROOT hermes-parser@0.25.1 OK for: eslint-plugin-react-hooks@7.1.1 want: ^0.25.1
172 silly placeDep ROOT zod@4.4.3 OK for: eslint-plugin-react-hooks@7.1.1 want: ^3.25.0 || ^4.0.0
173 silly placeDep ROOT zod-validation-error@4.0.2 OK for: eslint-plugin-react-hooks@7.1.1 want: ^3.5.0 || ^4.0.0
174 silly fetch manifest json5@^2.2.3
175 silly packumentCache full:https://registry.npmjs.org/json5 cache-miss
176 silly fetch manifest semver@^6.3.1
177 silly packumentCache full:https://registry.npmjs.org/semver cache-miss
178 silly fetch manifest gensync@^1.0.0-beta.2
179 silly packumentCache full:https://registry.npmjs.org/gensync cache-miss
180 silly fetch manifest @babel/types@^7.29.0
181 silly packumentCache full:https://registry.npmjs.org/@babel%2ftypes cache-miss
182 silly fetch manifest @babel/parser@^7.29.0
183 silly packumentCache full:https://registry.npmjs.org/@babel%2fparser cache-miss
184 silly fetch manifest @babel/helpers@^7.28.6
185 silly packumentCache full:https://registry.npmjs.org/@babel%2fhelpers cache-miss
186 silly fetch manifest @babel/template@^7.28.6
187 silly packumentCache full:https://registry.npmjs.org/@babel%2ftemplate cache-miss
188 silly fetch manifest @babel/traverse@^7.29.0
189 silly packumentCache full:https://registry.npmjs.org/@babel%2ftraverse cache-miss
190 silly fetch manifest @babel/generator@^7.29.0
191 silly packumentCache full:https://registry.npmjs.org/@babel%2fgenerator cache-miss
192 silly fetch manifest @babel/code-frame@^7.29.0
193 silly packumentCache full:https://registry.npmjs.org/@babel%2fcode-frame cache-miss
194 silly fetch manifest convert-source-map@^2.0.0
195 silly packumentCache full:https://registry.npmjs.org/convert-source-map cache-miss
196 silly fetch manifest @jridgewell/remapping@^2.3.5
197 silly packumentCache full:https://registry.npmjs.org/@jridgewell%2fremapping cache-miss
198 silly fetch manifest @babel/helper-module-transforms@^7.28.6
199 silly packumentCache full:https://registry.npmjs.org/@babel%2fhelper-module-transforms cache-miss
200 silly fetch manifest @babel/helper-compilation-targets@^7.28.6
201 silly packumentCache full:https://registry.npmjs.org/@babel%2fhelper-compilation-targets cache-miss
202 silly fetch manifest @babel/types@^7.29.0
203 silly packumentCache full:https://registry.npmjs.org/@babel%2ftypes cache-miss
204 silly fetch manifest hermes-estree@0.25.1
205 silly packumentCache full:https://registry.npmjs.org/hermes-estree cache-miss
206 http fetch GET 200 https://registry.npmjs.org/gensync 208ms (cache miss)
207 silly packumentCache full:https://registry.npmjs.org/gensync set size:undefined disposed:false
208 http cache https://registry.npmjs.org/json5 216ms (cache hit)
209 silly packumentCache full:https://registry.npmjs.org/json5 set size:86136 disposed:false
210 http cache https://registry.npmjs.org/semver 238ms (cache hit)
211 silly packumentCache full:https://registry.npmjs.org/semver set size:233058 disposed:false
212 http cache https://registry.npmjs.org/@babel%2fparser 265ms (cache hit)
213 silly packumentCache full:https://registry.npmjs.org/@babel%2fparser set size:725652 disposed:false
214 http fetch GET 200 https://registry.npmjs.org/@babel%2fhelpers 1436ms (cache miss)
215 silly packumentCache full:https://registry.npmjs.org/@babel%2fhelpers set size:undefined disposed:false
216 http fetch GET 200 https://registry.npmjs.org/@babel%2ftemplate 1449ms (cache miss)
217 silly packumentCache full:https://registry.npmjs.org/@babel%2ftemplate set size:undefined disposed:false
218 http fetch GET 200 https://registry.npmjs.org/@babel%2ftypes 1470ms (cache miss)
219 silly packumentCache full:https://registry.npmjs.org/@babel%2ftypes set size:undefined disposed:false
220 http fetch GET 200 https://registry.npmjs.org/@jridgewell%2fremapping 1495ms (cache miss)
221 silly packumentCache full:https://registry.npmjs.org/@jridgewell%2fremapping set size:undefined disposed:false
222 http fetch GET 200 https://registry.npmjs.org/convert-source-map 1514ms (cache miss)
223 silly packumentCache full:https://registry.npmjs.org/convert-source-map set size:undefined disposed:false
224 http fetch GET 200 https://registry.npmjs.org/@babel%2ftraverse 1527ms (cache miss)
225 silly packumentCache full:https://registry.npmjs.org/@babel%2ftraverse set size:undefined disposed:false
226 http fetch GET 200 https://registry.npmjs.org/hermes-estree 1530ms (cache miss)
227 silly packumentCache full:https://registry.npmjs.org/hermes-estree set size:undefined disposed:false
228 http fetch GET 200 https://registry.npmjs.org/@babel%2fhelper-compilation-targets 1562ms (cache miss)
229 silly packumentCache full:https://registry.npmjs.org/@babel%2fhelper-compilation-targets set size:undefined disposed:false
230 http fetch GET 200 https://registry.npmjs.org/@babel%2fcode-frame 1590ms (cache miss)
231 silly packumentCache full:https://registry.npmjs.org/@babel%2fcode-frame set size:undefined disposed:false
232 http fetch GET 200 https://registry.npmjs.org/@babel%2fhelper-module-transforms 1600ms (cache miss)
233 silly packumentCache full:https://registry.npmjs.org/@babel%2fhelper-module-transforms set size:undefined disposed:false
234 http fetch GET 200 https://registry.npmjs.org/@babel%2ftypes 1615ms (cache miss)
235 silly packumentCache full:https://registry.npmjs.org/@babel%2ftypes set size:undefined disposed:false
236 http fetch GET 200 https://registry.npmjs.org/@babel%2fgenerator 1643ms (cache miss)
237 silly packumentCache full:https://registry.npmjs.org/@babel%2fgenerator set size:undefined disposed:false
238 silly fetch manifest @babel/core@^7.0.0
239 silly packumentCache full:https://registry.npmjs.org/@babel%2fcore cache-miss
240 http cache https://registry.npmjs.org/@babel%2fcore 20ms (cache hit)
241 silly packumentCache full:https://registry.npmjs.org/@babel%2fcore set size:768033 disposed:false
242 silly placeDep ROOT @babel/code-frame@7.29.0 OK for: @babel/core@7.29.0 want: ^7.29.0
243 silly placeDep ROOT @babel/generator@7.29.1 OK for: @babel/core@7.29.0 want: ^7.29.0
244 silly placeDep ROOT @babel/helper-compilation-targets@7.28.6 OK for: @babel/core@7.29.0 want: ^7.28.6
245 silly placeDep ROOT @babel/helper-module-transforms@7.28.6 OK for: @babel/core@7.29.0 want: ^7.28.6
246 silly placeDep ROOT @babel/helpers@7.29.2 OK for: @babel/core@7.29.0 want: ^7.28.6
247 silly placeDep ROOT @babel/template@7.28.6 OK for: @babel/core@7.29.0 want: ^7.28.6
248 silly placeDep ROOT @babel/traverse@7.29.0 OK for: @babel/core@7.29.0 want: ^7.29.0
249 silly placeDep ROOT @babel/types@7.29.0 OK for: @babel/core@7.29.0 want: ^7.29.0
250 silly placeDep ROOT @jridgewell/remapping@2.3.5 OK for: @babel/core@7.29.0 want: ^2.3.5
251 silly placeDep ROOT convert-source-map@2.0.0 OK for: @babel/core@7.29.0 want: ^2.0.0
252 silly placeDep ROOT gensync@1.0.0-beta.2 OK for: @babel/core@7.29.0 want: ^1.0.0-beta.2
253 silly placeDep node_modules/@babel/core json5@2.2.3 OK for: @babel/core@7.29.0 want: ^2.2.3
254 silly placeDep node_modules/@babel/core semver@6.3.1 OK for: @babel/core@7.29.0 want: ^6.3.1
255 silly fetch manifest @babel/helper-validator-identifier@^7.28.5
256 silly packumentCache full:https://registry.npmjs.org/@babel%2fhelper-validator-identifier cache-miss
257 silly fetch manifest jsesc@^3.0.2
258 silly packumentCache full:https://registry.npmjs.org/jsesc cache-miss
259 silly fetch manifest lru-cache@^5.1.1
260 silly packumentCache full:https://registry.npmjs.org/lru-cache cache-miss
261 silly fetch manifest @babel/compat-data@^7.28.6
262 silly packumentCache full:https://registry.npmjs.org/@babel%2fcompat-data cache-miss
263 silly fetch manifest @babel/helper-validator-option@^7.27.1
264 silly packumentCache full:https://registry.npmjs.org/@babel%2fhelper-validator-option cache-miss
265 silly fetch manifest @babel/traverse@^7.28.6
266 silly packumentCache full:https://registry.npmjs.org/@babel%2ftraverse cache-miss
267 silly fetch manifest @babel/helper-module-imports@^7.28.6
268 silly packumentCache full:https://registry.npmjs.org/@babel%2fhelper-module-imports cache-miss
269 silly fetch manifest @babel/helper-validator-identifier@^7.28.5
270 silly packumentCache full:https://registry.npmjs.org/@babel%2fhelper-validator-identifier cache-miss
271 silly fetch manifest @babel/types@^7.28.6
272 silly packumentCache full:https://registry.npmjs.org/@babel%2ftypes cache-miss
273 silly fetch manifest @babel/helper-globals@^7.28.0
274 silly packumentCache full:https://registry.npmjs.org/@babel%2fhelper-globals cache-miss
275 silly fetch manifest @babel/helper-string-parser@^7.27.1
276 silly packumentCache full:https://registry.npmjs.org/@babel%2fhelper-string-parser cache-miss
277 silly fetch manifest @babel/helper-validator-identifier@^7.28.5
278 silly packumentCache full:https://registry.npmjs.org/@babel%2fhelper-validator-identifier cache-miss
279 http cache https://registry.npmjs.org/@babel%2ftraverse 53ms (cache hit)
280 silly packumentCache full:https://registry.npmjs.org/@babel%2ftraverse set size:553169 disposed:false
281 http cache https://registry.npmjs.org/@babel%2ftypes 63ms (cache hit)
282 silly packumentCache full:https://registry.npmjs.org/@babel%2ftypes set size:491978 disposed:false
283 http fetch GET 200 https://registry.npmjs.org/@babel%2fhelper-globals 274ms (cache miss)
284 silly packumentCache full:https://registry.npmjs.org/@babel%2fhelper-globals set size:undefined disposed:false
285 http fetch GET 200 https://registry.npmjs.org/jsesc 289ms (cache miss)
286 silly packumentCache full:https://registry.npmjs.org/jsesc set size:undefined disposed:false
287 http fetch GET 200 https://registry.npmjs.org/@babel%2fhelper-validator-option 297ms (cache miss)
288 silly packumentCache full:https://registry.npmjs.org/@babel%2fhelper-validator-option set size:undefined disposed:false
289 http fetch GET 200 https://registry.npmjs.org/@babel%2fhelper-validator-identifier 298ms (cache miss)
290 silly packumentCache full:https://registry.npmjs.org/@babel%2fhelper-validator-identifier set size:undefined disposed:false
291 http fetch GET 200 https://registry.npmjs.org/@babel%2fhelper-validator-identifier 318ms (cache miss)
292 silly packumentCache full:https://registry.npmjs.org/@babel%2fhelper-validator-identifier set size:undefined disposed:false
293 http fetch GET 200 https://registry.npmjs.org/@babel%2fhelper-string-parser 315ms (cache miss)
294 silly packumentCache full:https://registry.npmjs.org/@babel%2fhelper-string-parser set size:undefined disposed:false
295 http fetch GET 200 https://registry.npmjs.org/@babel%2fhelper-validator-identifier 318ms (cache miss)
296 silly packumentCache full:https://registry.npmjs.org/@babel%2fhelper-validator-identifier set size:undefined disposed:false
297 http fetch GET 200 https://registry.npmjs.org/@babel%2fcompat-data 346ms (cache miss)
298 silly packumentCache full:https://registry.npmjs.org/@babel%2fcompat-data set size:undefined disposed:false
299 http fetch GET 200 https://registry.npmjs.org/lru-cache 357ms (cache miss)
300 silly packumentCache full:https://registry.npmjs.org/lru-cache set size:undefined disposed:false
301 http fetch GET 200 https://registry.npmjs.org/@babel%2fhelper-module-imports 376ms (cache miss)
302 silly packumentCache full:https://registry.npmjs.org/@babel%2fhelper-module-imports set size:undefined disposed:false
303 silly placeDep ROOT @babel/helper-validator-identifier@7.28.5 OK for: @babel/code-frame@7.29.0 want: ^7.28.5
304 silly placeDep ROOT jsesc@3.1.0 OK for: @babel/generator@7.29.1 want: ^3.0.2
305 silly placeDep ROOT @babel/compat-data@7.29.3 OK for: @babel/helper-compilation-targets@7.28.6 want: ^7.28.6
306 silly placeDep ROOT @babel/helper-validator-option@7.27.1 OK for: @babel/helper-compilation-targets@7.28.6 want: ^7.27.1
307 silly placeDep ROOT lru-cache@5.1.1 OK for: @babel/helper-compilation-targets@7.28.6 want: ^5.1.1
308 silly placeDep node_modules/@babel/helper-compilation-targets semver@6.3.1 OK for: @babel/helper-compilation-targets@7.28.6 want: ^6.3.1
309 silly fetch manifest yallist@^3.0.2
310 silly packumentCache full:https://registry.npmjs.org/yallist cache-miss
311 http fetch GET 200 https://registry.npmjs.org/yallist 114ms (cache miss)
312 silly packumentCache full:https://registry.npmjs.org/yallist set size:undefined disposed:false
313 silly placeDep ROOT @babel/helper-module-imports@7.28.6 OK for: @babel/helper-module-transforms@7.28.6 want: ^7.28.6
314 silly placeDep ROOT @babel/helper-globals@7.28.0 OK for: @babel/traverse@7.29.0 want: ^7.28.0
315 silly placeDep ROOT @babel/helper-string-parser@7.27.1 OK for: @babel/types@7.29.0 want: ^7.27.1
316 silly placeDep node_modules/fast-glob glob-parent@5.1.2 OK for: fast-glob@3.3.1 want: ^5.1.2
317 silly placeDep ROOT hermes-estree@0.25.1 OK for: hermes-parser@0.25.1 want: 0.25.1
318 silly placeDep ROOT yallist@3.1.1 OK for: lru-cache@5.1.1 want: ^3.0.2
319 silly placeDep ROOT @next/env@16.2.6 OK for: next@16.2.6 want: 16.2.6
320 silly placeDep ROOT @next/swc-darwin-arm64@16.2.6 OK for: next@16.2.6 want: 16.2.6
321 silly placeDep ROOT @next/swc-darwin-x64@16.2.6 OK for: next@16.2.6 want: 16.2.6
322 silly placeDep ROOT @next/swc-linux-arm64-gnu@16.2.6 OK for: next@16.2.6 want: 16.2.6
323 silly placeDep ROOT @next/swc-linux-arm64-musl@16.2.6 OK for: next@16.2.6 want: 16.2.6
324 silly placeDep ROOT @next/swc-linux-x64-gnu@16.2.6 OK for: next@16.2.6 want: 16.2.6
325 silly placeDep ROOT @next/swc-linux-x64-musl@16.2.6 OK for: next@16.2.6 want: 16.2.6
326 silly placeDep ROOT @next/swc-win32-arm64-msvc@16.2.6 OK for: next@16.2.6 want: 16.2.6
327 silly placeDep ROOT @next/swc-win32-x64-msvc@16.2.6 OK for: next@16.2.6 want: 16.2.6
328 silly fetch manifest eslint@^8.57.0 || ^9.0.0 || ^10.0.0
329 silly packumentCache full:https://registry.npmjs.org/eslint cache-miss
330 http cache https://registry.npmjs.org/eslint 41ms (cache hit)
331 silly packumentCache full:https://registry.npmjs.org/eslint set size:1997485 disposed:false
332 silly fetch manifest typescript@>=4.8.4 <6.1.0
333 silly packumentCache full:https://registry.npmjs.org/typescript cache-miss
334 http cache https://registry.npmjs.org/typescript 137ms (cache hit)
335 silly packumentCache full:https://registry.npmjs.org/typescript set size:15409943 disposed:false
336 silly placeDep ROOT @typescript-eslint/eslint-plugin@8.59.3 OK for: typescript-eslint@8.59.3 want: 8.59.3
337 silly placeDep ROOT @typescript-eslint/parser@8.59.3 OK for: @typescript-eslint/eslint-plugin@8.59.3 want: ^8.59.3
338 silly placeDep ROOT @typescript-eslint/typescript-estree@8.59.3 OK for: typescript-eslint@8.59.3 want: 8.59.3
339 silly placeDep ROOT @typescript-eslint/utils@8.59.3 OK for: typescript-eslint@8.59.3 want: 8.59.3
340 silly fetch manifest ignore@^7.0.5
341 silly packumentCache full:https://registry.npmjs.org/ignore cache-miss
342 silly fetch manifest ts-api-utils@^2.5.0
343 silly packumentCache full:https://registry.npmjs.org/ts-api-utils cache-miss
344 silly fetch manifest @typescript-eslint/type-utils@8.59.3
345 silly packumentCache full:https://registry.npmjs.org/@typescript-eslint%2ftype-utils cache-miss
346 silly fetch manifest @typescript-eslint/visitor-keys@8.59.3
347 silly packumentCache full:https://registry.npmjs.org/@typescript-eslint%2fvisitor-keys cache-miss
348 silly fetch manifest @typescript-eslint/scope-manager@8.59.3
349 silly packumentCache full:https://registry.npmjs.org/@typescript-eslint%2fscope-manager cache-miss
350 silly fetch manifest @typescript-eslint/types@8.59.3
351 silly packumentCache full:https://registry.npmjs.org/@typescript-eslint%2ftypes cache-miss
352 silly fetch manifest @typescript-eslint/visitor-keys@8.59.3
353 silly packumentCache full:https://registry.npmjs.org/@typescript-eslint%2fvisitor-keys cache-miss
354 silly fetch manifest @typescript-eslint/scope-manager@8.59.3
355 silly packumentCache full:https://registry.npmjs.org/@typescript-eslint%2fscope-manager cache-miss
356 silly fetch manifest minimatch@^10.2.2
357 silly packumentCache full:https://registry.npmjs.org/minimatch cache-miss
358 silly fetch manifest ts-api-utils@^2.5.0
359 silly packumentCache full:https://registry.npmjs.org/ts-api-utils cache-miss
360 silly fetch manifest @typescript-eslint/types@8.59.3
361 silly packumentCache full:https://registry.npmjs.org/@typescript-eslint%2ftypes cache-miss
362 silly fetch manifest @typescript-eslint/visitor-keys@8.59.3
363 silly packumentCache full:https://registry.npmjs.org/@typescript-eslint%2fvisitor-keys cache-miss
364 silly fetch manifest @typescript-eslint/tsconfig-utils@8.59.3
365 silly packumentCache full:https://registry.npmjs.org/@typescript-eslint%2ftsconfig-utils cache-miss
366 silly fetch manifest @typescript-eslint/project-service@8.59.3
367 silly packumentCache full:https://registry.npmjs.org/@typescript-eslint%2fproject-service cache-miss
368 silly fetch manifest @typescript-eslint/types@8.59.3
369 silly packumentCache full:https://registry.npmjs.org/@typescript-eslint%2ftypes cache-miss
370 silly fetch manifest @typescript-eslint/scope-manager@8.59.3
371 silly packumentCache full:https://registry.npmjs.org/@typescript-eslint%2fscope-manager cache-miss
372 http cache https://registry.npmjs.org/ts-api-utils 195ms (cache hit)
373 silly packumentCache full:https://registry.npmjs.org/ts-api-utils set size:226785 disposed:false
374 http cache https://registry.npmjs.org/ts-api-utils 199ms (cache hit)
375 silly packumentCache full:https://registry.npmjs.org/ts-api-utils set size:226785 disposed:false
376 silly packumentCache full:https://registry.npmjs.org/ts-api-utils dispose
377 http cache https://registry.npmjs.org/minimatch 227ms (cache hit)
378 silly packumentCache full:https://registry.npmjs.org/minimatch set size:375282 disposed:false
379 http cache https://registry.npmjs.org/@typescript-eslint%2fvisitor-keys 365ms (cache hit)
380 silly packumentCache full:https://registry.npmjs.org/@typescript-eslint%2fvisitor-keys set size:11796422 disposed:false
381 http cache https://registry.npmjs.org/@typescript-eslint%2fvisitor-keys 660ms (cache hit)
382 silly packumentCache full:https://registry.npmjs.org/@typescript-eslint%2fvisitor-keys set size:11796422 disposed:false
383 http cache https://registry.npmjs.org/@typescript-eslint%2ftype-utils 1028ms (cache hit)
384 silly packumentCache full:https://registry.npmjs.org/@typescript-eslint%2ftype-utils set size:9266149 disposed:false
385 http cache https://registry.npmjs.org/@typescript-eslint%2fscope-manager 1275ms (cache hit)
386 silly packumentCache full:https://registry.npmjs.org/@typescript-eslint%2fscope-manager set size:12390053 disposed:false
387 http cache https://registry.npmjs.org/ignore 1593ms (cache hit)
388 silly packumentCache full:https://registry.npmjs.org/ignore set size:237380 disposed:false
389 http cache https://registry.npmjs.org/@typescript-eslint%2ftypes 1658ms (cache hit)
390 silly packumentCache full:https://registry.npmjs.org/@typescript-eslint%2ftypes set size:12201531 disposed:false
391 http cache https://registry.npmjs.org/@typescript-eslint%2fscope-manager 1955ms (cache hit)
392 silly packumentCache full:https://registry.npmjs.org/@typescript-eslint%2fscope-manager set size:12390053 disposed:false
393 http cache https://registry.npmjs.org/@typescript-eslint%2ftypes 2227ms (cache hit)
394 silly packumentCache full:https://registry.npmjs.org/@typescript-eslint%2ftypes set size:12201531 disposed:false
395 http cache https://registry.npmjs.org/@typescript-eslint%2fvisitor-keys 2524ms (cache hit)
396 silly packumentCache full:https://registry.npmjs.org/@typescript-eslint%2fvisitor-keys set size:11796422 disposed:false
397 http cache https://registry.npmjs.org/@typescript-eslint%2ftypes 2901ms (cache hit)
398 silly packumentCache full:https://registry.npmjs.org/@typescript-eslint%2ftypes set size:12201531 disposed:false
399 http cache https://registry.npmjs.org/@typescript-eslint%2fscope-manager 3236ms (cache hit)
400 silly packumentCache full:https://registry.npmjs.org/@typescript-eslint%2fscope-manager set size:12390053 disposed:false
401 http cache https://registry.npmjs.org/@typescript-eslint%2fproject-service 3476ms (cache hit)
402 silly packumentCache full:https://registry.npmjs.org/@typescript-eslint%2fproject-service set size:1281473 disposed:false
403 http cache https://registry.npmjs.org/@typescript-eslint%2ftsconfig-utils 3545ms (cache hit)
404 silly packumentCache full:https://registry.npmjs.org/@typescript-eslint%2ftsconfig-utils set size:1206806 disposed:false
405 silly placeDep ROOT @typescript-eslint/scope-manager@8.59.3 OK for: @typescript-eslint/eslint-plugin@8.59.3 want: 8.59.3
406 silly placeDep ROOT @typescript-eslint/type-utils@8.59.3 OK for: @typescript-eslint/eslint-plugin@8.59.3 want: 8.59.3
407 silly placeDep ROOT @typescript-eslint/visitor-keys@8.59.3 OK for: @typescript-eslint/eslint-plugin@8.59.3 want: 8.59.3
408 silly placeDep node_modules/@typescript-eslint/eslint-plugin ignore@7.0.5 OK for: @typescript-eslint/eslint-plugin@8.59.3 want: ^7.0.5
409 silly placeDep ROOT ts-api-utils@2.5.0 OK for: @typescript-eslint/eslint-plugin@8.59.3 want: ^2.5.0
410 silly fetch manifest eslint-visitor-keys@^5.0.0
411 silly packumentCache full:https://registry.npmjs.org/eslint-visitor-keys cache-miss
412 http cache https://registry.npmjs.org/eslint-visitor-keys 19ms (cache hit)
413 silly packumentCache full:https://registry.npmjs.org/eslint-visitor-keys set size:69949 disposed:false
414 silly placeDep ROOT @typescript-eslint/types@8.59.3 OK for: @typescript-eslint/parser@8.59.3 want: 8.59.3
415 silly placeDep ROOT @typescript-eslint/project-service@8.59.3 OK for: @typescript-eslint/typescript-estree@8.59.3 want: 8.59.3
416 silly placeDep ROOT @typescript-eslint/tsconfig-utils@8.59.3 OK for: @typescript-eslint/typescript-estree@8.59.3 want: 8.59.3
417 silly placeDep node_modules/@typescript-eslint/typescript-estree minimatch@10.2.5 OK for: @typescript-eslint/typescript-estree@8.59.3 want: ^10.2.2
418 silly fetch manifest @typescript-eslint/tsconfig-utils@^8.59.3
419 silly packumentCache full:https://registry.npmjs.org/@typescript-eslint%2ftsconfig-utils cache-miss
420 silly fetch manifest brace-expansion@^5.0.5
421 silly packumentCache full:https://registry.npmjs.org/brace-expansion cache-miss
422 http cache https://registry.npmjs.org/@typescript-eslint%2ftsconfig-utils 27ms (cache hit)
423 silly packumentCache full:https://registry.npmjs.org/@typescript-eslint%2ftsconfig-utils set size:1206806 disposed:false
424 http cache https://registry.npmjs.org/brace-expansion 57ms (cache hit)
425 silly packumentCache full:https://registry.npmjs.org/brace-expansion set size:70654 disposed:false
426 silly placeDep node_modules/@typescript-eslint/visitor-keys eslint-visitor-keys@5.0.1 OK for: @typescript-eslint/visitor-keys@8.59.3 want: ^5.0.0
427 silly placeDep node_modules/@typescript-eslint/typescript-estree brace-expansion@5.0.6 OK for: minimatch@10.2.5 want: ^5.0.5
428 silly fetch manifest balanced-match@^4.0.2
429 silly packumentCache full:https://registry.npmjs.org/balanced-match cache-miss
430 http cache https://registry.npmjs.org/balanced-match 19ms (cache hit)
431 silly packumentCache full:https://registry.npmjs.org/balanced-match set size:39082 disposed:false
432 silly placeDep node_modules/@typescript-eslint/typescript-estree balanced-match@4.0.4 OK for: brace-expansion@5.0.6 want: ^4.0.2
433 silly reify mark retired [
433 silly reify   'C:\\Users\\Supraj U Shivajji\\Downloads\\hackathon\\pro1\\node_modules\\@next\\env'
433 silly reify ]
434 silly reify mark retired [
434 silly reify   'C:\\Users\\Supraj U Shivajji\\Downloads\\hackathon\\pro1\\node_modules\\@next\\eslint-plugin-next'
434 silly reify ]
435 silly reify mark retired [
435 silly reify   'C:\\Users\\Supraj U Shivajji\\Downloads\\hackathon\\pro1\\node_modules\\@next\\swc-win32-x64-msvc'
435 silly reify ]
436 silly reify mark retired [
436 silly reify   'C:\\Users\\Supraj U Shivajji\\Downloads\\hackathon\\pro1\\node_modules\\@rushstack\\eslint-patch'
436 silly reify ]
437 silly reify mark retired [
437 silly reify   'C:\\Users\\Supraj U Shivajji\\Downloads\\hackathon\\pro1\\node_modules\\@swc\\counter'
437 silly reify ]
438 silly reify mark retired [
438 silly reify   'C:\\Users\\Supraj U Shivajji\\Downloads\\hackathon\\pro1\\node_modules\\busboy'
438 silly reify ]
439 silly reify mark retired [
439 silly reify   'C:\\Users\\Supraj U Shivajji\\Downloads\\hackathon\\pro1\\node_modules\\eslint-config-next'
439 silly reify ]
440 silly reify mark retired [
440 silly reify   'C:\\Users\\Supraj U Shivajji\\Downloads\\hackathon\\pro1\\node_modules\\eslint-plugin-react-hooks'
440 silly reify ]
441 silly reify mark retired [
441 silly reify   'C:\\Users\\Supraj U Shivajji\\Downloads\\hackathon\\pro1\\node_modules\\next',
441 silly reify   'C:\\Users\\Supraj U Shivajji\\Downloads\\hackathon\\pro1\\node_modules\\.bin\\next',
441 silly reify   'C:\\Users\\Supraj U Shivajji\\Downloads\\hackathon\\pro1\\node_modules\\.bin\\next.cmd',
441 silly reify   'C:\\Users\\Supraj U Shivajji\\Downloads\\hackathon\\pro1\\node_modules\\.bin\\next.ps1'
441 silly reify ]
442 silly reify mark retired [
442 silly reify   'C:\\Users\\Supraj U Shivajji\\Downloads\\hackathon\\pro1\\node_modules\\streamsearch'
442 silly reify ]
443 silly reify moves {
443 silly reify   'C:\\Users\\Supraj U Shivajji\\Downloads\\hackathon\\pro1\\node_modules\\@next\\env': 'C:\\Users\\Supraj U Shivajji\\Downloads\\hackathon\\pro1\\node_modules\\@next\\.env-KjvVKEHY',
443 silly reify   'C:\\Users\\Supraj U Shivajji\\Downloads\\hackathon\\pro1\\node_modules\\@next\\eslint-plugin-next': 'C:\\Users\\Supraj U Shivajji\\Downloads\\hackathon\\pro1\\node_modules\\@next\\.eslint-plugin-next-ZXhmeInL',
443 silly reify   'C:\\Users\\Supraj U Shivajji\\Downloads\\hackathon\\pro1\\node_modules\\@next\\swc-win32-x64-msvc': 'C:\\Users\\Supraj U Shivajji\\Downloads\\hackathon\\pro1\\node_modules\\@next\\.swc-win32-x64-msvc-L9pSlGKy',
443 silly reify   'C:\\Users\\Supraj U Shivajji\\Downloads\\hackathon\\pro1\\node_modules\\@rushstack\\eslint-patch': 'C:\\Users\\Supraj U Shivajji\\Downloads\\hackathon\\pro1\\node_modules\\@rushstack\\.eslint-patch-FtJa4A09',
443 silly reify   'C:\\Users\\Supraj U Shivajji\\Downloads\\hackathon\\pro1\\node_modules\\@swc\\counter': 'C:\\Users\\Supraj U Shivajji\\Downloads\\hackathon\\pro1\\node_modules\\@swc\\.counter-kLRqOmBX',
443 silly reify   'C:\\Users\\Supraj U Shivajji\\Downloads\\hackathon\\pro1\\node_modules\\busboy': 'C:\\Users\\Supraj U Shivajji\\Downloads\\hackathon\\pro1\\node_modules\\.busboy-EKSGcmeP',
443 silly reify   'C:\\Users\\Supraj U Shivajji\\Downloads\\hackathon\\pro1\\node_modules\\eslint-config-next': 'C:\\Users\\Supraj U Shivajji\\Downloads\\hackathon\\pro1\\node_modules\\.eslint-config-next-RgVKFJIB',
443 silly reify   'C:\\Users\\Supraj U Shivajji\\Downloads\\hackathon\\pro1\\node_modules\\eslint-plugin-react-hooks': 'C:\\Users\\Supraj U Shivajji\\Downloads\\hackathon\\pro1\\node_modules\\.eslint-plugin-react-hooks-SSLTfWlM',
443 silly reify   'C:\\Users\\Supraj U Shivajji\\Downloads\\hackathon\\pro1\\node_modules\\next': 'C:\\Users\\Supraj U Shivajji\\Downloads\\hackathon\\pro1\\node_modules\\.next-GAmyGwfm',
443 silly reify   'C:\\Users\\Supraj U Shivajji\\Downloads\\hackathon\\pro1\\node_modules\\.bin\\next': 'C:\\Users\\Supraj U Shivajji\\Downloads\\hackathon\\pro1\\node_modules\\.bin\\.next-cKWaJQHJ',
443 silly reify   'C:\\Users\\Supraj U Shivajji\\Downloads\\hackathon\\pro1\\node_modules\\.bin\\next.cmd': 'C:\\Users\\Supraj U Shivajji\\Downloads\\hackathon\\pro1\\node_modules\\.bin\\.next.cmd-ASjVH682',
443 silly reify   'C:\\Users\\Supraj U Shivajji\\Downloads\\hackathon\\pro1\\node_modules\\.bin\\next.ps1': 'C:\\Users\\Supraj U Shivajji\\Downloads\\hackathon\\pro1\\node_modules\\.bin\\.next.ps1-tnclXSSs',
443 silly reify   'C:\\Users\\Supraj U Shivajji\\Downloads\\hackathon\\pro1\\node_modules\\streamsearch': 'C:\\Users\\Supraj U Shivajji\\Downloads\\hackathon\\pro1\\node_modules\\.streamsearch-B8Z91735'
443 silly reify }
444 silly audit bulk request {
444 silly audit   '@alloc/quick-lru': [ '5.2.0' ],
444 silly audit   '@emnapi/core': [ '1.10.0' ],
444 silly audit   '@emnapi/runtime': [ '1.10.0' ],
444 silly audit   '@emnapi/wasi-threads': [ '1.2.1' ],
444 silly audit   '@eslint-community/eslint-utils': [ '4.9.1' ],
444 silly audit   'eslint-visitor-keys': [ '3.4.3', '4.2.1', '5.0.1' ],
444 silly audit   '@eslint-community/regexpp': [ '4.12.2' ],
444 silly audit   '@eslint/config-array': [ '0.21.2' ],
444 silly audit   '@eslint/config-helpers': [ '0.4.2' ],
444 silly audit   '@eslint/core': [ '0.17.0' ],
444 silly audit   '@eslint/eslintrc': [ '3.3.5' ],
444 silly audit   '@eslint/js': [ '9.39.4' ],
444 silly audit   '@eslint/object-schema': [ '2.1.7' ],
444 silly audit   '@eslint/plugin-kit': [ '0.4.1' ],
444 silly audit   '@humanfs/core': [ '0.19.2' ],
444 silly audit   '@humanfs/node': [ '0.16.8' ],
444 silly audit   '@humanfs/types': [ '0.15.0' ],
444 silly audit   '@humanwhocodes/module-importer': [ '1.0.1' ],
444 silly audit   '@humanwhocodes/retry': [ '0.4.3' ],
444 silly audit   '@img/colour': [ '1.1.0' ],
444 silly audit   '@img/sharp-darwin-arm64': [ '0.34.5' ],
444 silly audit   '@img/sharp-darwin-x64': [ '0.34.5' ],
444 silly audit   '@img/sharp-libvips-darwin-arm64': [ '1.2.4' ],
444 silly audit   '@img/sharp-libvips-darwin-x64': [ '1.2.4' ],
444 silly audit   '@img/sharp-libvips-linux-arm': [ '1.2.4' ],
444 silly audit   '@img/sharp-libvips-linux-arm64': [ '1.2.4' ],
444 silly audit   '@img/sharp-libvips-linux-ppc64': [ '1.2.4' ],
444 silly audit   '@img/sharp-libvips-linux-riscv64': [ '1.2.4' ],
444 silly audit   '@img/sharp-libvips-linux-s390x': [ '1.2.4' ],
444 silly audit   '@img/sharp-libvips-linux-x64': [ '1.2.4' ],
444 silly audit   '@img/sharp-libvips-linuxmusl-arm64': [ '1.2.4' ],
444 silly audit   '@img/sharp-libvips-linuxmusl-x64': [ '1.2.4' ],
444 silly audit   '@img/sharp-linux-arm': [ '0.34.5' ],
444 silly audit   '@img/sharp-linux-arm64': [ '0.34.5' ],
444 silly audit   '@img/sharp-linux-ppc64': [ '0.34.5' ],
444 silly audit   '@img/sharp-linux-riscv64': [ '0.34.5' ],
444 silly audit   '@img/sharp-linux-s390x': [ '0.34.5' ],
444 silly audit   '@img/sharp-linux-x64': [ '0.34.5' ],
444 silly audit   '@img/sharp-linuxmusl-arm64': [ '0.34.5' ],
444 silly audit   '@img/sharp-linuxmusl-x64': [ '0.34.5' ],
444 silly audit   '@img/sharp-wasm32': [ '0.34.5' ],
444 silly audit   '@img/sharp-win32-arm64': [ '0.34.5' ],
444 silly audit   '@img/sharp-win32-ia32': [ '0.34.5' ],
444 silly audit   '@img/sharp-win32-x64': [ '0.34.5' ],
444 silly audit   '@jridgewell/gen-mapping': [ '0.3.13' ],
444 silly audit   '@jridgewell/resolve-uri': [ '3.1.2' ],
444 silly audit   '@jridgewell/sourcemap-codec': [ '1.5.5' ],
444 silly audit   '@jridgewell/trace-mapping': [ '0.3.31' ],
444 silly audit   '@napi-rs/wasm-runtime': [ '0.2.12' ],
444 silly audit   '@nodelib/fs.scandir': [ '2.1.5' ],
444 silly audit   '@nodelib/fs.stat': [ '2.0.5' ],
444 silly audit   '@nodelib/fs.walk': [ '1.2.8' ],
444 silly audit   '@nolyfill/is-core-module': [ '1.0.39' ],
444 silly audit   '@rtsao/scc': [ '1.1.0' ],
444 silly audit   '@swc/helpers': [ '0.5.15' ],
444 silly audit   '@tybys/wasm-util': [ '0.10.2' ],
444 silly audit   '@types/estree': [ '1.0.9' ],
444 silly audit   '@types/json-schema': [ '7.0.15' ],
444 silly audit   '@types/json5': [ '0.0.29' ],
444 silly audit   '@types/node': [ '22.19.19' ],
444 silly audit   '@types/react': [ '19.2.14' ],
444 silly audit   '@types/react-dom': [ '19.2.3' ],
444 silly audit   ignore: [ '5.3.2', '7.0.5' ],
444 silly audit   'balanced-match': [ '1.0.2', '4.0.4' ],
444 silly audit   'brace-expansion': [ '1.1.14', '5.0.6' ],
444 silly audit   minimatch: [ '3.1.5', '10.2.5' ],
444 silly audit   '@unrs/resolver-binding-android-arm-eabi': [ '1.11.1' ],
444 silly audit   '@unrs/resolver-binding-android-arm64': [ '1.11.1' ],
444 silly audit   '@unrs/resolver-binding-darwin-arm64': [ '1.11.1' ],
444 silly audit   '@unrs/resolver-binding-darwin-x64': [ '1.11.1' ],
444 silly audit   '@unrs/resolver-binding-freebsd-x64': [ '1.11.1' ],
444 silly audit   '@unrs/resolver-binding-linux-arm-gnueabihf': [ '1.11.1' ],
444 silly audit   '@unrs/resolver-binding-linux-arm-musleabihf': [ '1.11.1' ],
444 silly audit   '@unrs/resolver-binding-linux-arm64-gnu': [ '1.11.1' ],
444 silly audit   '@unrs/resolver-binding-linux-arm64-musl': [ '1.11.1' ],
444 silly audit   '@unrs/resolver-binding-linux-ppc64-gnu': [ '1.11.1' ],
444 silly audit   '@unrs/resolver-binding-linux-riscv64-gnu': [ '1.11.1' ],
444 silly audit   '@unrs/resolver-binding-linux-riscv64-musl': [ '1.11.1' ],
444 silly audit   '@unrs/resolver-binding-linux-s390x-gnu': [ '1.11.1' ],
444 silly audit   '@unrs/resolver-binding-linux-x64-gnu': [ '1.11.1' ],
444 silly audit   '@unrs/resolver-binding-linux-x64-musl': [ '1.11.1' ],
444 silly audit   '@unrs/resolver-binding-wasm32-wasi': [ '1.11.1' ],
444 silly audit   '@unrs/resolver-binding-win32-arm64-msvc': [ '1.11.1' ],
444 silly audit   '@unrs/resolver-binding-win32-ia32-msvc': [ '1.11.1' ],
444 silly audit   '@unrs/resolver-binding-win32-x64-msvc': [ '1.11.1' ],
444 silly audit   acorn: [ '8.16.0' ],
444 silly audit   'acorn-jsx': [ '5.3.2' ],
444 silly audit   ajv: [ '6.15.0' ],
444 silly audit   'ansi-styles': [ '4.3.0' ],
444 silly audit   'any-promise': [ '1.3.0' ],
444 silly audit   anymatch: [ '3.1.3' ],
444 silly audit   arg: [ '5.0.2' ],
444 silly audit   argparse: [ '2.0.1' ],
444 silly audit   'aria-query': [ '5.3.2' ],
444 silly audit   'array-buffer-byte-length': [ '1.0.2' ],
444 silly audit   'array-includes': [ '3.1.9' ],
444 silly audit   'array.prototype.findlast': [ '1.2.5' ],
444 silly audit   'array.prototype.findlastindex': [ '1.2.6' ],
444 silly audit   'array.prototype.flat': [ '1.3.3' ],
444 silly audit   'array.prototype.flatmap': [ '1.3.3' ],
444 silly audit   'array.prototype.tosorted': [ '1.1.4' ],
444 silly audit   'arraybuffer.prototype.slice': [ '1.0.4' ],
444 silly audit   'ast-types-flow': [ '0.0.8' ],
444 silly audit   'async-function': [ '1.0.0' ],
444 silly audit   autoprefixer: [ '10.5.0' ],
444 silly audit   'available-typed-arrays': [ '1.0.7' ],
444 silly audit   'axe-core': [ '4.11.4' ],
444 silly audit   'axobject-query': [ '4.1.0' ],
444 silly audit   'baseline-browser-mapping': [ '2.10.29' ],
444 silly audit   'binary-extensions': [ '2.3.0' ],
444 silly audit   braces: [ '3.0.3' ],
444 silly audit   browserslist: [ '4.28.2' ],
444 silly audit   'call-bind': [ '1.0.9' ],
444 silly audit   'call-bind-apply-helpers': [ '1.0.2' ],
444 silly audit   'call-bound': [ '1.0.4' ],
444 silly audit   callsites: [ '3.1.0' ],
444 silly audit   'camelcase-css': [ '2.0.1' ],
444 silly audit   'caniuse-lite': [ '1.0.30001792' ],
444 silly audit   chalk: [ '4.1.2' ],
444 silly audit   chokidar: [ '3.6.0' ],
444 silly audit   'glob-parent': [ '5.1.2', '6.0.2' ],
444 silly audit   'client-only': [ '0.0.1' ],
444 silly audit   'color-convert': [ '2.0.1' ],
444 silly audit   'color-name': [ '1.1.4' ],
444 silly audit   commander: [ '4.1.1' ],
444 silly audit   'concat-map': [ '0.0.1' ],
444 silly audit   'cross-spawn': [ '7.0.6' ],
444 silly audit   cssesc: [ '3.0.0' ],
444 silly audit   csstype: [ '3.2.3' ],
444 silly audit   'damerau-levenshtein': [ '1.0.8' ],
444 silly audit   'data-view-buffer': [ '1.0.2' ],
444 silly audit   'data-view-byte-length': [ '1.0.2' ],
444 silly audit   'data-view-byte-offset': [ '1.0.1' ],
444 silly audit   debug: [ '4.4.3', '3.2.7' ],
444 silly audit   'deep-is': [ '0.1.4' ],
444 silly audit   'define-data-property': [ '1.1.4' ],
444 silly audit   'define-properties': [ '1.2.1' ],
444 silly audit   'detect-libc': [ '2.1.2' ],
444 silly audit   didyoumean: [ '1.2.2' ],
444 silly audit   dlv: [ '1.1.3' ],
444 silly audit   doctrine: [ '2.1.0' ],
444 silly audit   'dunder-proto': [ '1.0.1' ],
444 silly audit   'electron-to-chromium': [ '1.5.356' ],
444 silly audit   'emoji-regex': [ '9.2.2' ],
444 silly audit   'es-abstract': [ '1.24.2' ],
444 silly audit   'es-define-property': [ '1.0.1' ],
444 silly audit   'es-errors': [ '1.3.0' ],
444 silly audit   'es-iterator-helpers': [ '1.3.2' ],
444 silly audit   'es-object-atoms': [ '1.1.1' ],
444 silly audit   'es-set-tostringtag': [ '2.1.0' ],
444 silly audit   'es-shim-unscopables': [ '1.1.0' ],
444 silly audit   'es-to-primitive': [ '1.3.0' ],
444 silly audit   escalade: [ '3.2.0' ],
444 silly audit   'escape-string-regexp': [ '4.0.0' ],
444 silly audit   eslint: [ '9.39.4' ],
444 silly audit   'eslint-import-resolver-node': [ '0.3.10' ],
444 silly audit   'eslint-import-resolver-typescript': [ '3.10.1' ],
444 silly audit   'eslint-module-utils': [ '2.12.1' ],
444 silly audit   'eslint-plugin-import': [ '2.32.0' ],
444 silly audit   semver: [ '6.3.1', '7.8.0' ],
444 silly audit   'eslint-plugin-jsx-a11y': [ '6.10.2' ],
444 silly audit   'eslint-plugin-react': [ '7.37.5' ],
444 silly audit   'eslint-scope': [ '8.4.0' ],
444 silly audit   espree: [ '10.4.0' ],
444 silly audit   esquery: [ '1.7.0' ],
444 silly audit   esrecurse: [ '4.3.0' ],
444 silly audit   estraverse: [ '5.3.0' ],
444 silly audit   esutils: [ '2.0.3' ],
444 silly audit   'fast-deep-equal': [ '3.1.3' ],
444 silly audit   'fast-glob': [ '3.3.3', '3.3.1' ],
444 silly audit   'fast-json-stable-stringify': [ '2.1.0' ],
444 silly audit   'fast-levenshtein': [ '2.0.6' ],
444 silly audit   fastq: [ '1.20.1' ],
444 silly audit   'file-entry-cache': [ '8.0.0' ],
444 silly audit   'fill-range': [ '7.1.1' ],
444 silly audit   'find-up': [ '5.0.0' ],
444 silly audit   'flat-cache': [ '4.0.1' ],
444 silly audit   flatted: [ '3.4.2' ],
444 silly audit   'for-each': [ '0.3.5' ],
444 silly audit   'fraction.js': [ '5.3.4' ],
444 silly audit   'framer-motion': [ '12.38.0' ],
444 silly audit   fsevents: [ '2.3.3' ],
444 silly audit   'function-bind': [ '1.1.2' ],
444 silly audit   'function.prototype.name': [ '1.1.8' ],
444 silly audit   'functions-have-names': [ '1.2.3' ],
444 silly audit   'generator-function': [ '2.0.1' ],
444 silly audit   'get-intrinsic': [ '1.3.0' ],
444 silly audit   'get-proto': [ '1.0.1' ],
444 silly audit   'get-symbol-description': [ '1.1.0' ],
444 silly audit   'get-tsconfig': [ '4.14.0' ],
444 silly audit   globals: [ '14.0.0', '16.4.0' ],
444 silly audit   globalthis: [ '1.0.4' ],
444 silly audit   gopd: [ '1.2.0' ],
444 silly audit   'has-bigints': [ '1.1.0' ],
444 silly audit   'has-flag': [ '4.0.0' ],
444 silly audit   'has-property-descriptors': [ '1.0.2' ],
444 silly audit   'has-proto': [ '1.2.0' ],
444 silly audit   'has-symbols': [ '1.1.0' ],
444 silly audit   'has-tostringtag': [ '1.0.2' ],
444 silly audit   hasown: [ '2.0.3' ],
444 silly audit   'import-fresh': [ '3.3.1' ],
444 silly audit   imurmurhash: [ '0.1.4' ],
444 silly audit   'internal-slot': [ '1.1.0' ],
444 silly audit   'is-array-buffer': [ '3.0.5' ],
444 silly audit   'is-async-function': [ '2.1.1' ],
444 silly audit   'is-bigint': [ '1.1.0' ],
444 silly audit   'is-binary-path': [ '2.1.0' ],
444 silly audit   'is-boolean-object': [ '1.2.2' ],
444 silly audit   'is-bun-module': [ '2.0.0' ],
444 silly audit   'is-callable': [ '1.2.7' ],
444 silly audit   'is-core-module': [ '2.16.2' ],
444 silly audit   'is-data-view': [ '1.0.2' ],
444 silly audit   'is-date-object': [ '1.1.0' ],
444 silly audit   'is-extglob': [ '2.1.1' ],
444 silly audit   'is-finalizationregistry': [ '1.1.1' ],
444 silly audit   'is-generator-function': [ '1.1.2' ],
444 silly audit   'is-glob': [ '4.0.3' ],
444 silly audit   'is-map': [ '2.0.3' ],
444 silly audit   'is-negative-zero': [ '2.0.3' ],
444 silly audit   'is-number': [ '7.0.0' ],
444 silly audit   'is-number-object': [ '1.1.1' ],
444 silly audit   'is-regex': [ '1.2.1' ],
444 silly audit   'is-set': [ '2.0.3' ],
444 silly audit   'is-shared-array-buffer': [ '1.0.4' ],
444 silly audit   'is-string': [ '1.1.1' ],
444 silly audit   'is-symbol': [ '1.1.1' ],
444 silly audit   'is-typed-array': [ '1.1.15' ],
444 silly audit   'is-weakmap': [ '2.0.2' ],
444 silly audit   'is-weakref': [ '1.1.1' ],
444 silly audit   'is-weakset': [ '2.0.4' ],
444 silly audit   isarray: [ '2.0.5' ],
444 silly audit   isexe: [ '2.0.0' ],
444 silly audit   'iterator.prototype': [ '1.1.5' ],
444 silly audit   jiti: [ '1.21.7' ],
444 silly audit   'js-tokens': [ '4.0.0' ],
444 silly audit   'js-yaml': [ '4.1.1' ],
444 silly audit   'json-buffer': [ '3.0.1' ],
444 silly audit   'json-schema-traverse': [ '0.4.1' ],
444 silly audit   'json-stable-stringify-without-jsonify': [ '1.0.1' ],
444 silly audit   json5: [ '1.0.2', '2.2.3' ],
444 silly audit   'jsx-ast-utils': [ '3.3.5' ],
444 silly audit   keyv: [ '4.5.4' ],
444 silly audit   'language-subtag-registry': [ '0.3.23' ],
444 silly audit   'language-tags': [ '1.0.9' ],
444 silly audit   levn: [ '0.4.1' ],
444 silly audit   lilconfig: [ '3.1.3' ],
444 silly audit   'lines-and-columns': [ '1.2.4' ],
444 silly audit   'locate-path': [ '6.0.0' ],
444 silly audit   'lodash.merge': [ '4.6.2' ],
444 silly audit   'loose-envify': [ '1.4.0' ],
444 silly audit   'lucide-react': [ '0.468.0' ],
444 silly audit   'math-intrinsics': [ '1.1.0' ],
444 silly audit   merge2: [ '1.4.1' ],
444 silly audit   micromatch: [ '4.0.8' ],
444 silly audit   minimist: [ '1.2.8' ],
444 silly audit   'motion-dom': [ '12.38.0' ],
444 silly audit   'motion-utils': [ '12.36.0' ],
444 silly audit   ms: [ '2.1.3' ],
444 silly audit   mz: [ '2.7.0' ],
444 silly audit   nanoid: [ '3.3.12' ],
444 silly audit   'napi-postinstall': [ '0.3.4' ],
444 silly audit   'natural-compare': [ '1.4.0' ],
444 silly audit   postcss: [ '8.5.14', '8.4.31' ],
444 silly audit   'node-exports-info': [ '1.6.0' ],
444 silly audit   'node-releases': [ '2.0.44' ],
444 silly audit   'normalize-path': [ '3.0.0' ],
444 silly audit   'object-assign': [ '4.1.1' ],
444 silly audit   'object-hash': [ '3.0.0' ],
444 silly audit   'object-inspect': [ '1.13.4' ],
444 silly audit   'object-keys': [ '1.1.1' ],
444 silly audit   'object.assign': [ '4.1.7' ],
444 silly audit   'object.entries': [ '1.1.9' ],
444 silly audit   'object.fromentries': [ '2.0.8' ],
444 silly audit   'object.groupby': [ '1.0.3' ],
444 silly audit   'object.values': [ '1.2.1' ],
444 silly audit   optionator: [ '0.9.4' ],
444 silly audit   'own-keys': [ '1.0.1' ],
444 silly audit   'p-limit': [ '3.1.0' ],
444 silly audit   'p-locate': [ '5.0.0' ],
444 silly audit   'parent-module': [ '1.0.1' ],
444 silly audit   'path-exists': [ '4.0.0' ],
444 silly audit   'path-key': [ '3.1.1' ],
444 silly audit   'path-parse': [ '1.0.7' ],
444 silly audit   picocolors: [ '1.1.1' ],
444 silly audit   picomatch: [ '2.3.2', '4.0.4' ],
444 silly audit   pify: [ '2.3.0' ],
444 silly audit   pirates: [ '4.0.7' ],
444 silly audit   'possible-typed-array-names': [ '1.1.0' ],
444 silly audit   'postcss-import': [ '15.1.0' ],
444 silly audit   resolve: [ '1.22.12', '2.0.0-next.6' ],
444 silly audit   'postcss-js': [ '4.1.0' ],
444 silly audit   'postcss-load-config': [ '6.0.1' ],
444 silly audit   'postcss-nested': [ '6.2.0' ],
444 silly audit   'postcss-selector-parser': [ '6.1.2' ],
444 silly audit   'postcss-value-parser': [ '4.2.0' ],
444 silly audit   'prelude-ls': [ '1.2.1' ],
444 silly audit   'prop-types': [ '15.8.1' ],
444 silly audit   punycode: [ '2.3.1' ],
444 silly audit   'queue-microtask': [ '1.2.3' ],
444 silly audit   react: [ '19.2.6' ],
444 silly audit   'react-dom': [ '19.2.6' ],
444 silly audit   'react-is': [ '16.13.1' ],
444 silly audit   'read-cache': [ '1.0.0' ],
444 silly audit   readdirp: [ '3.6.0' ],
444 silly audit   'reflect.getprototypeof': [ '1.0.10' ],
444 silly audit   'regexp.prototype.flags': [ '1.5.4' ],
444 silly audit   'resolve-from': [ '4.0.0' ],
444 silly audit   'resolve-pkg-maps': [ '1.0.0' ],
444 silly audit   reusify: [ '1.1.0' ],
444 silly audit   'run-parallel': [ '1.2.0' ],
444 silly audit   'safe-array-concat': [ '1.1.4' ],
444 silly audit   'safe-push-apply': [ '1.0.0' ],
444 silly audit   'safe-regex-test': [ '1.1.0' ],
444 silly audit   scheduler: [ '0.27.0' ],
444 silly audit   'set-function-length': [ '1.2.2' ],
444 silly audit   'set-function-name': [ '2.0.2' ],
444 silly audit   'set-proto': [ '1.0.0' ],
444 silly audit   sharp: [ '0.34.5' ],
444 silly audit   'shebang-command': [ '2.0.0' ],
444 silly audit   'shebang-regex': [ '3.0.0' ],
444 silly audit   'side-channel': [ '1.1.0' ],
444 silly audit   'side-channel-list': [ '1.0.1' ],
444 silly audit   'side-channel-map': [ '1.0.1' ],
444 silly audit   'side-channel-weakmap': [ '1.0.2' ],
444 silly audit   'source-map-js': [ '1.2.1' ],
444 silly audit   'stable-hash': [ '0.0.5' ],
444 silly audit   'stop-iteration-iterator': [ '1.1.0' ],
444 silly audit   'string.prototype.includes': [ '2.0.1' ],
444 silly audit   'string.prototype.matchall': [ '4.0.12' ],
444 silly audit   'string.prototype.repeat': [ '1.0.0' ],
444 silly audit   'string.prototype.trim': [ '1.2.10' ],
444 silly audit   'string.prototype.trimend': [ '1.0.9' ],
444 silly audit   'string.prototype.trimstart': [ '1.0.8' ],
444 silly audit   'strip-bom': [ '3.0.0' ],
444 silly audit   'strip-json-comments': [ '3.1.1' ],
444 silly audit   'styled-jsx': [ '5.1.6' ],
444 silly audit   sucrase: [ '3.35.1' ],
444 silly audit   'supports-color': [ '7.2.0' ],
444 silly audit   'supports-preserve-symlinks-flag': [ '1.0.0' ],
444 silly audit   tailwindcss: [ '3.4.19' ],
444 silly audit   thenify: [ '3.3.1' ],
444 silly audit   'thenify-all': [ '1.6.0' ],
444 silly audit   tinyglobby: [ '0.2.16' ],
444 silly audit   fdir: [ '6.5.0' ],
444 silly audit   'to-regex-range': [ '5.0.1' ],
444 silly audit   'ts-interface-checker': [ '0.1.13' ],
444 silly audit   'tsconfig-paths': [ '3.15.0' ],
444 silly audit   tslib: [ '2.8.1' ],
444 silly audit   'type-check': [ '0.4.0' ],
444 silly audit   'typed-array-buffer': [ '1.0.3' ],
444 silly audit   'typed-array-byte-length': [ '1.0.3' ],
444 silly audit   'typed-array-byte-offset': [ '1.0.4' ],
444 silly audit   'typed-array-length': [ '1.0.7' ],
444 silly audit   typescript: [ '5.9.3' ],
444 silly audit   'unbox-primitive': [ '1.1.0' ],
444 silly audit   'undici-types': [ '6.21.0' ],
444 silly audit   'unrs-resolver': [ '1.11.1' ],
444 silly audit   'update-browserslist-db': [ '1.2.3' ],
444 silly audit   'uri-js': [ '4.4.1' ],
444 silly audit   'util-deprecate': [ '1.0.2' ],
444 silly audit   which: [ '2.0.2' ],
444 silly audit   'which-boxed-primitive': [ '1.1.1' ],
444 silly audit   'which-builtin-type': [ '1.2.1' ],
444 silly audit   'which-collection': [ '1.0.2' ],
444 silly audit   'which-typed-array': [ '1.1.20' ],
444 silly audit   'word-wrap': [ '1.2.5' ],
444 silly audit   'yocto-queue': [ '0.1.0' ],
444 silly audit   'eslint-config-next': [ '16.2.6' ],
444 silly audit   next: [ '16.2.6' ],
444 silly audit   '@next/eslint-plugin-next': [ '16.2.6' ],
444 silly audit   'eslint-plugin-react-hooks': [ '7.1.1' ],
444 silly audit   'typescript-eslint': [ '8.59.3' ],
444 silly audit   '@babel/core': [ '7.29.0' ],
444 silly audit   '@babel/parser': [ '7.29.3' ],
444 silly audit   'hermes-parser': [ '0.25.1' ],
444 silly audit   zod: [ '4.4.3' ],
444 silly audit   'zod-validation-error': [ '4.0.2' ],
444 silly audit   '@babel/code-frame': [ '7.29.0' ],
444 silly audit   '@babel/generator': [ '7.29.1' ],
444 silly audit   '@babel/helper-compilation-targets': [ '7.28.6' ],
444 silly audit   '@babel/helper-module-transforms': [ '7.28.6' ],
444 silly audit   '@babel/helpers': [ '7.29.2' ],
444 silly audit   '@babel/template': [ '7.28.6' ],
444 silly audit   '@babel/traverse': [ '7.29.0' ],
444 silly audit   '@babel/types': [ '7.29.0' ],
444 silly audit   '@jridgewell/remapping': [ '2.3.5' ],
444 silly audit   'convert-source-map': [ '2.0.0' ],
444 silly audit   gensync: [ '1.0.0-beta.2' ],
444 silly audit   '@babel/helper-validator-identifier': [ '7.28.5' ],
444 silly audit   jsesc: [ '3.1.0' ],
444 silly audit   '@babel/compat-data': [ '7.29.3' ],
444 silly audit   '@babel/helper-validator-option': [ '7.27.1' ],
444 silly audit   'lru-cache': [ '5.1.1' ],
444 silly audit   '@babel/helper-module-imports': [ '7.28.6' ],
444 silly audit   '@babel/helper-globals': [ '7.28.0' ],
444 silly audit   '@babel/helper-string-parser': [ '7.27.1' ],
444 silly audit   'hermes-estree': [ '0.25.1' ],
444 silly audit   yallist: [ '3.1.1' ],
444 silly audit   '@next/env': [ '16.2.6' ],
444 silly audit   '@next/swc-darwin-arm64': [ '16.2.6' ],
444 silly audit   '@next/swc-darwin-x64': [ '16.2.6' ],
444 silly audit   '@next/swc-linux-arm64-gnu': [ '16.2.6' ],
444 silly audit   '@next/swc-linux-arm64-musl': [ '16.2.6' ],
444 silly audit   '@next/swc-linux-x64-gnu': [ '16.2.6' ],
444 silly audit   '@next/swc-linux-x64-musl': [ '16.2.6' ],
444 silly audit   '@next/swc-win32-arm64-msvc': [ '16.2.6' ],
444 silly audit   '@next/swc-win32-x64-msvc': [ '16.2.6' ],
444 silly audit   '@typescript-eslint/eslint-plugin': [ '8.59.3' ],
444 silly audit   '@typescript-eslint/parser': [ '8.59.3' ],
444 silly audit   '@typescript-eslint/typescript-estree': [ '8.59.3' ],
444 silly audit   '@typescript-eslint/utils': [ '8.59.3' ],
444 silly audit   '@typescript-eslint/scope-manager': [ '8.59.3' ],
444 silly audit   '@typescript-eslint/type-utils': [ '8.59.3' ],
444 silly audit   '@typescript-eslint/visitor-keys': [ '8.59.3' ],
444 silly audit   'ts-api-utils': [ '2.5.0' ],
444 silly audit   '@typescript-eslint/types': [ '8.59.3' ],
444 silly audit   '@typescript-eslint/project-service': [ '8.59.3' ],
444 silly audit   '@typescript-eslint/tsconfig-utils': [ '8.59.3' ]
444 silly audit }
445 verbose reify failed optional dependency C:\Users\Supraj U Shivajji\Downloads\hackathon\pro1\node_modules\@next\swc-win32-arm64-msvc
446 silly reify mark deleted [
446 silly reify   'C:\\Users\\Supraj U Shivajji\\Downloads\\hackathon\\pro1\\node_modules\\@next\\swc-win32-arm64-msvc'
446 silly reify ]
447 verbose reify failed optional dependency C:\Users\Supraj U Shivajji\Downloads\hackathon\pro1\node_modules\@next\swc-linux-x64-musl
448 silly reify mark deleted [
448 silly reify   'C:\\Users\\Supraj U Shivajji\\Downloads\\hackathon\\pro1\\node_modules\\@next\\swc-linux-x64-musl'
448 silly reify ]
449 verbose reify failed optional dependency C:\Users\Supraj U Shivajji\Downloads\hackathon\pro1\node_modules\@next\swc-linux-x64-gnu
450 silly reify mark deleted [
450 silly reify   'C:\\Users\\Supraj U Shivajji\\Downloads\\hackathon\\pro1\\node_modules\\@next\\swc-linux-x64-gnu'
450 silly reify ]
451 verbose reify failed optional dependency C:\Users\Supraj U Shivajji\Downloads\hackathon\pro1\node_modules\@next\swc-linux-arm64-musl
452 silly reify mark deleted [
452 silly reify   'C:\\Users\\Supraj U Shivajji\\Downloads\\hackathon\\pro1\\node_modules\\@next\\swc-linux-arm64-musl'
452 silly reify ]
453 verbose reify failed optional dependency C:\Users\Supraj U Shivajji\Downloads\hackathon\pro1\node_modules\@next\swc-linux-arm64-gnu
454 silly reify mark deleted [
454 silly reify   'C:\\Users\\Supraj U Shivajji\\Downloads\\hackathon\\pro1\\node_modules\\@next\\swc-linux-arm64-gnu'
454 silly reify ]
455 verbose reify failed optional dependency C:\Users\Supraj U Shivajji\Downloads\hackathon\pro1\node_modules\@next\swc-darwin-x64
456 silly reify mark deleted [
456 silly reify   'C:\\Users\\Supraj U Shivajji\\Downloads\\hackathon\\pro1\\node_modules\\@next\\swc-darwin-x64'
456 silly reify ]
457 verbose reify failed optional dependency C:\Users\Supraj U Shivajji\Downloads\hackathon\pro1\node_modules\@next\swc-darwin-arm64
458 silly reify mark deleted [
458 silly reify   'C:\\Users\\Supraj U Shivajji\\Downloads\\hackathon\\pro1\\node_modules\\@next\\swc-darwin-arm64'
458 silly reify ]
459 verbose reify failed optional dependency C:\Users\Supraj U Shivajji\Downloads\hackathon\pro1\node_modules\fsevents
460 silly reify mark deleted [
460 silly reify   'C:\\Users\\Supraj U Shivajji\\Downloads\\hackathon\\pro1\\node_modules\\fsevents'
460 silly reify ]
461 verbose reify failed optional dependency C:\Users\Supraj U Shivajji\Downloads\hackathon\pro1\node_modules\@unrs\resolver-binding-win32-ia32-msvc
462 silly reify mark deleted [
462 silly reify   'C:\\Users\\Supraj U Shivajji\\Downloads\\hackathon\\pro1\\node_modules\\@unrs\\resolver-binding-win32-ia32-msvc'
462 silly reify ]
463 verbose reify failed optional dependency C:\Users\Supraj U Shivajji\Downloads\hackathon\pro1\node_modules\@unrs\resolver-binding-win32-arm64-msvc
464 silly reify mark deleted [
464 silly reify   'C:\\Users\\Supraj U Shivajji\\Downloads\\hackathon\\pro1\\node_modules\\@unrs\\resolver-binding-win32-arm64-msvc'
464 silly reify ]
465 verbose reify failed optional dependency C:\Users\Supraj U Shivajji\Downloads\hackathon\pro1\node_modules\@unrs\resolver-binding-wasm32-wasi
466 silly reify mark deleted [
466 silly reify   'C:\\Users\\Supraj U Shivajji\\Downloads\\hackathon\\pro1\\node_modules\\@unrs\\resolver-binding-wasm32-wasi'
466 silly reify ]
467 verbose reify failed optional dependency C:\Users\Supraj U Shivajji\Downloads\hackathon\pro1\node_modules\@napi-rs\wasm-runtime
468 silly reify mark deleted [
468 silly reify   'C:\\Users\\Supraj U Shivajji\\Downloads\\hackathon\\pro1\\node_modules\\@napi-rs\\wasm-runtime'
468 silly reify ]
469 verbose reify failed optional dependency C:\Users\Supraj U Shivajji\Downloads\hackathon\pro1\node_modules\@emnapi\core
470 silly reify mark deleted [
470 silly reify   'C:\\Users\\Supraj U Shivajji\\Downloads\\hackathon\\pro1\\node_modules\\@emnapi\\core'
470 silly reify ]
471 verbose reify failed optional dependency C:\Users\Supraj U Shivajji\Downloads\hackathon\pro1\node_modules\@tybys\wasm-util
472 silly reify mark deleted [
472 silly reify   'C:\\Users\\Supraj U Shivajji\\Downloads\\hackathon\\pro1\\node_modules\\@tybys\\wasm-util'
472 silly reify ]
473 verbose reify failed optional dependency C:\Users\Supraj U Shivajji\Downloads\hackathon\pro1\node_modules\@emnapi\wasi-threads
474 silly reify mark deleted [
474 silly reify   'C:\\Users\\Supraj U Shivajji\\Downloads\\hackathon\\pro1\\node_modules\\@emnapi\\wasi-threads'
474 silly reify ]
475 verbose reify failed optional dependency C:\Users\Supraj U Shivajji\Downloads\hackathon\pro1\node_modules\@unrs\resolver-binding-linux-x64-musl
476 silly reify mark deleted [
476 silly reify   'C:\\Users\\Supraj U Shivajji\\Downloads\\hackathon\\pro1\\node_modules\\@unrs\\resolver-binding-linux-x64-musl'
476 silly reify ]
477 verbose reify failed optional dependency C:\Users\Supraj U Shivajji\Downloads\hackathon\pro1\node_modules\@unrs\resolver-binding-linux-x64-gnu
478 silly reify mark deleted [
478 silly reify   'C:\\Users\\Supraj U Shivajji\\Downloads\\hackathon\\pro1\\node_modules\\@unrs\\resolver-binding-linux-x64-gnu'
478 silly reify ]
479 verbose reify failed optional dependency C:\Users\Supraj U Shivajji\Downloads\hackathon\pro1\node_modules\@unrs\resolver-binding-linux-s390x-gnu
480 silly reify mark deleted [
480 silly reify   'C:\\Users\\Supraj U Shivajji\\Downloads\\hackathon\\pro1\\node_modules\\@unrs\\resolver-binding-linux-s390x-gnu'
480 silly reify ]
481 verbose reify failed optional dependency C:\Users\Supraj U Shivajji\Downloads\hackathon\pro1\node_modules\@unrs\resolver-binding-linux-riscv64-musl
482 silly reify mark deleted [
482 silly reify   'C:\\Users\\Supraj U Shivajji\\Downloads\\hackathon\\pro1\\node_modules\\@unrs\\resolver-binding-linux-riscv64-musl'
482 silly reify ]
483 verbose reify failed optional dependency C:\Users\Supraj U Shivajji\Downloads\hackathon\pro1\node_modules\@unrs\resolver-binding-linux-riscv64-gnu
484 silly reify mark deleted [
484 silly reify   'C:\\Users\\Supraj U Shivajji\\Downloads\\hackathon\\pro1\\node_modules\\@unrs\\resolver-binding-linux-riscv64-gnu'
484 silly reify ]
485 verbose reify failed optional dependency C:\Users\Supraj U Shivajji\Downloads\hackathon\pro1\node_modules\@unrs\resolver-binding-linux-ppc64-gnu
486 silly reify mark deleted [
486 silly reify   'C:\\Users\\Supraj U Shivajji\\Downloads\\hackathon\\pro1\\node_modules\\@unrs\\resolver-binding-linux-ppc64-gnu'
486 silly reify ]
487 verbose reify failed optional dependency C:\Users\Supraj U Shivajji\Downloads\hackathon\pro1\node_modules\@unrs\resolver-binding-linux-arm64-musl
488 silly reify mark deleted [
488 silly reify   'C:\\Users\\Supraj U Shivajji\\Downloads\\hackathon\\pro1\\node_modules\\@unrs\\resolver-binding-linux-arm64-musl'
488 silly reify ]
489 verbose reify failed optional dependency C:\Users\Supraj U Shivajji\Downloads\hackathon\pro1\node_modules\@unrs\resolver-binding-linux-arm64-gnu
490 silly reify mark deleted [
490 silly reify   'C:\\Users\\Supraj U Shivajji\\Downloads\\hackathon\\pro1\\node_modules\\@unrs\\resolver-binding-linux-arm64-gnu'
490 silly reify ]
491 verbose reify failed optional dependency C:\Users\Supraj U Shivajji\Downloads\hackathon\pro1\node_modules\@unrs\resolver-binding-linux-arm-musleabihf
492 silly reify mark deleted [
492 silly reify   'C:\\Users\\Supraj U Shivajji\\Downloads\\hackathon\\pro1\\node_modules\\@unrs\\resolver-binding-linux-arm-musleabihf'
492 silly reify ]
493 verbose reify failed optional dependency C:\Users\Supraj U Shivajji\Downloads\hackathon\pro1\node_modules\@unrs\resolver-binding-linux-arm-gnueabihf
494 silly reify mark deleted [
494 silly reify   'C:\\Users\\Supraj U Shivajji\\Downloads\\hackathon\\pro1\\node_modules\\@unrs\\resolver-binding-linux-arm-gnueabihf'
494 silly reify ]
495 verbose reify failed optional dependency C:\Users\Supraj U Shivajji\Downloads\hackathon\pro1\node_modules\@unrs\resolver-binding-freebsd-x64
496 silly reify mark deleted [
496 silly reify   'C:\\Users\\Supraj U Shivajji\\Downloads\\hackathon\\pro1\\node_modules\\@unrs\\resolver-binding-freebsd-x64'
496 silly reify ]
497 verbose reify failed optional dependency C:\Users\Supraj U Shivajji\Downloads\hackathon\pro1\node_modules\@unrs\resolver-binding-darwin-x64
498 silly reify mark deleted [
498 silly reify   'C:\\Users\\Supraj U Shivajji\\Downloads\\hackathon\\pro1\\node_modules\\@unrs\\resolver-binding-darwin-x64'
498 silly reify ]
499 verbose reify failed optional dependency C:\Users\Supraj U Shivajji\Downloads\hackathon\pro1\node_modules\@unrs\resolver-binding-darwin-arm64
500 silly reify mark deleted [
500 silly reify   'C:\\Users\\Supraj U Shivajji\\Downloads\\hackathon\\pro1\\node_modules\\@unrs\\resolver-binding-darwin-arm64'
500 silly reify ]
501 verbose reify failed optional dependency C:\Users\Supraj U Shivajji\Downloads\hackathon\pro1\node_modules\@unrs\resolver-binding-android-arm64
502 silly reify mark deleted [
502 silly reify   'C:\\Users\\Supraj U Shivajji\\Downloads\\hackathon\\pro1\\node_modules\\@unrs\\resolver-binding-android-arm64'
502 silly reify ]
503 verbose reify failed optional dependency C:\Users\Supraj U Shivajji\Downloads\hackathon\pro1\node_modules\@unrs\resolver-binding-android-arm-eabi
504 silly reify mark deleted [
504 silly reify   'C:\\Users\\Supraj U Shivajji\\Downloads\\hackathon\\pro1\\node_modules\\@unrs\\resolver-binding-android-arm-eabi'
504 silly reify ]
505 verbose reify failed optional dependency C:\Users\Supraj U Shivajji\Downloads\hackathon\pro1\node_modules\@img\sharp-win32-ia32
506 silly reify mark deleted [
506 silly reify   'C:\\Users\\Supraj U Shivajji\\Downloads\\hackathon\\pro1\\node_modules\\@img\\sharp-win32-ia32'
506 silly reify ]
507 verbose reify failed optional dependency C:\Users\Supraj U Shivajji\Downloads\hackathon\pro1\node_modules\@img\sharp-win32-arm64
508 silly reify mark deleted [
508 silly reify   'C:\\Users\\Supraj U Shivajji\\Downloads\\hackathon\\pro1\\node_modules\\@img\\sharp-win32-arm64'
508 silly reify ]
509 verbose reify failed optional dependency C:\Users\Supraj U Shivajji\Downloads\hackathon\pro1\node_modules\@img\sharp-wasm32
510 silly reify mark deleted [
510 silly reify   'C:\\Users\\Supraj U Shivajji\\Downloads\\hackathon\\pro1\\node_modules\\@img\\sharp-wasm32'
510 silly reify ]
511 verbose reify failed optional dependency C:\Users\Supraj U Shivajji\Downloads\hackathon\pro1\node_modules\@img\sharp-linuxmusl-x64
512 silly reify mark deleted [
512 silly reify   'C:\\Users\\Supraj U Shivajji\\Downloads\\hackathon\\pro1\\node_modules\\@img\\sharp-linuxmusl-x64'
512 silly reify ]
513 verbose reify failed optional dependency C:\Users\Supraj U Shivajji\Downloads\hackathon\pro1\node_modules\@img\sharp-linuxmusl-arm64
514 silly reify mark deleted [
514 silly reify   'C:\\Users\\Supraj U Shivajji\\Downloads\\hackathon\\pro1\\node_modules\\@img\\sharp-linuxmusl-arm64'
514 silly reify ]
515 verbose reify failed optional dependency C:\Users\Supraj U Shivajji\Downloads\hackathon\pro1\node_modules\@img\sharp-linux-x64
516 silly reify mark deleted [
516 silly reify   'C:\\Users\\Supraj U Shivajji\\Downloads\\hackathon\\pro1\\node_modules\\@img\\sharp-linux-x64'
516 silly reify ]
517 verbose reify failed optional dependency C:\Users\Supraj U Shivajji\Downloads\hackathon\pro1\node_modules\@img\sharp-linux-s390x
518 silly reify mark deleted [
518 silly reify   'C:\\Users\\Supraj U Shivajji\\Downloads\\hackathon\\pro1\\node_modules\\@img\\sharp-linux-s390x'
518 silly reify ]
519 verbose reify failed optional dependency C:\Users\Supraj U Shivajji\Downloads\hackathon\pro1\node_modules\@img\sharp-linux-riscv64
520 silly reify mark deleted [
520 silly reify   'C:\\Users\\Supraj U Shivajji\\Downloads\\hackathon\\pro1\\node_modules\\@img\\sharp-linux-riscv64'
520 silly reify ]
521 verbose reify failed optional dependency C:\Users\Supraj U Shivajji\Downloads\hackathon\pro1\node_modules\@img\sharp-linux-ppc64
522 silly reify mark deleted [
522 silly reify   'C:\\Users\\Supraj U Shivajji\\Downloads\\hackathon\\pro1\\node_modules\\@img\\sharp-linux-ppc64'
522 silly reify ]
523 verbose reify failed optional dependency C:\Users\Supraj U Shivajji\Downloads\hackathon\pro1\node_modules\@img\sharp-linux-arm64
524 silly reify mark deleted [
524 silly reify   'C:\\Users\\Supraj U Shivajji\\Downloads\\hackathon\\pro1\\node_modules\\@img\\sharp-linux-arm64'
524 silly reify ]
525 verbose reify failed optional dependency C:\Users\Supraj U Shivajji\Downloads\hackathon\pro1\node_modules\@img\sharp-linux-arm
526 silly reify mark deleted [
526 silly reify   'C:\\Users\\Supraj U Shivajji\\Downloads\\hackathon\\pro1\\node_modules\\@img\\sharp-linux-arm'
526 silly reify ]
527 verbose reify failed optional dependency C:\Users\Supraj U Shivajji\Downloads\hackathon\pro1\node_modules\@img\sharp-libvips-linuxmusl-x64
528 silly reify mark deleted [
528 silly reify   'C:\\Users\\Supraj U Shivajji\\Downloads\\hackathon\\pro1\\node_modules\\@img\\sharp-libvips-linuxmusl-x64'
528 silly reify ]
529 verbose reify failed optional dependency C:\Users\Supraj U Shivajji\Downloads\hackathon\pro1\node_modules\@img\sharp-libvips-linuxmusl-arm64
530 silly reify mark deleted [
530 silly reify   'C:\\Users\\Supraj U Shivajji\\Downloads\\hackathon\\pro1\\node_modules\\@img\\sharp-libvips-linuxmusl-arm64'
530 silly reify ]
531 verbose reify failed optional dependency C:\Users\Supraj U Shivajji\Downloads\hackathon\pro1\node_modules\@img\sharp-libvips-linux-x64
532 silly reify mark deleted [
532 silly reify   'C:\\Users\\Supraj U Shivajji\\Downloads\\hackathon\\pro1\\node_modules\\@img\\sharp-libvips-linux-x64'
532 silly reify ]
533 verbose reify failed optional dependency C:\Users\Supraj U Shivajji\Downloads\hackathon\pro1\node_modules\@img\sharp-libvips-linux-s390x
534 silly reify mark deleted [
534 silly reify   'C:\\Users\\Supraj U Shivajji\\Downloads\\hackathon\\pro1\\node_modules\\@img\\sharp-libvips-linux-s390x'
534 silly reify ]
535 verbose reify failed optional dependency C:\Users\Supraj U Shivajji\Downloads\hackathon\pro1\node_modules\@img\sharp-libvips-linux-riscv64
536 silly reify mark deleted [
536 silly reify   'C:\\Users\\Supraj U Shivajji\\Downloads\\hackathon\\pro1\\node_modules\\@img\\sharp-libvips-linux-riscv64'
536 silly reify ]
537 verbose reify failed optional dependency C:\Users\Supraj U Shivajji\Downloads\hackathon\pro1\node_modules\@img\sharp-libvips-linux-ppc64
538 silly reify mark deleted [
538 silly reify   'C:\\Users\\Supraj U Shivajji\\Downloads\\hackathon\\pro1\\node_modules\\@img\\sharp-libvips-linux-ppc64'
538 silly reify ]
539 verbose reify failed optional dependency C:\Users\Supraj U Shivajji\Downloads\hackathon\pro1\node_modules\@img\sharp-libvips-linux-arm64
540 silly reify mark deleted [
540 silly reify   'C:\\Users\\Supraj U Shivajji\\Downloads\\hackathon\\pro1\\node_modules\\@img\\sharp-libvips-linux-arm64'
540 silly reify ]
541 verbose reify failed optional dependency C:\Users\Supraj U Shivajji\Downloads\hackathon\pro1\node_modules\@img\sharp-libvips-linux-arm
542 silly reify mark deleted [
542 silly reify   'C:\\Users\\Supraj U Shivajji\\Downloads\\hackathon\\pro1\\node_modules\\@img\\sharp-libvips-linux-arm'
542 silly reify ]
543 verbose reify failed optional dependency C:\Users\Supraj U Shivajji\Downloads\hackathon\pro1\node_modules\@img\sharp-libvips-darwin-x64
544 silly reify mark deleted [
544 silly reify   'C:\\Users\\Supraj U Shivajji\\Downloads\\hackathon\\pro1\\node_modules\\@img\\sharp-libvips-darwin-x64'
544 silly reify ]
545 verbose reify failed optional dependency C:\Users\Supraj U Shivajji\Downloads\hackathon\pro1\node_modules\@img\sharp-libvips-darwin-arm64
546 silly reify mark deleted [
546 silly reify   'C:\\Users\\Supraj U Shivajji\\Downloads\\hackathon\\pro1\\node_modules\\@img\\sharp-libvips-darwin-arm64'
546 silly reify ]
547 verbose reify failed optional dependency C:\Users\Supraj U Shivajji\Downloads\hackathon\pro1\node_modules\@img\sharp-darwin-x64
548 silly reify mark deleted [
548 silly reify   'C:\\Users\\Supraj U Shivajji\\Downloads\\hackathon\\pro1\\node_modules\\@img\\sharp-darwin-x64'
548 silly reify ]
549 verbose reify failed optional dependency C:\Users\Supraj U Shivajji\Downloads\hackathon\pro1\node_modules\@img\sharp-darwin-arm64
550 silly reify mark deleted [
550 silly reify   'C:\\Users\\Supraj U Shivajji\\Downloads\\hackathon\\pro1\\node_modules\\@img\\sharp-darwin-arm64'
550 silly reify ]
551 http cache yallist@https://registry.npmjs.org/yallist/-/yallist-3.1.1.tgz 1ms (cache hit)
552 http cache hermes-estree@https://registry.npmjs.org/hermes-estree/-/hermes-estree-0.25.1.tgz 1ms (cache hit)
553 http cache @babel/helper-string-parser@https://registry.npmjs.org/@babel/helper-string-parser/-/helper-string-parser-7.27.1.tgz 0ms (cache hit)
554 http cache lru-cache@https://registry.npmjs.org/lru-cache/-/lru-cache-5.1.1.tgz 0ms (cache hit)
555 http cache @babel/helper-validator-option@https://registry.npmjs.org/@babel/helper-validator-option/-/helper-validator-option-7.27.1.tgz 0ms (cache hit)
556 http cache @babel/helper-module-imports@https://registry.npmjs.org/@babel/helper-module-imports/-/helper-module-imports-7.28.6.tgz 0ms (cache hit)
557 http cache @babel/helper-globals@https://registry.npmjs.org/@babel/helper-globals/-/helper-globals-7.28.0.tgz 0ms (cache hit)
558 http cache @babel/compat-data@https://registry.npmjs.org/@babel/compat-data/-/compat-data-7.29.3.tgz 1ms (cache hit)
559 http cache @babel/helper-validator-identifier@https://registry.npmjs.org/@babel/helper-validator-identifier/-/helper-validator-identifier-7.28.5.tgz 0ms (cache hit)
560 http cache @babel/types@https://registry.npmjs.org/@babel/types/-/types-7.29.0.tgz 0ms (cache hit)
561 http cache @jridgewell/remapping@https://registry.npmjs.org/@jridgewell/remapping/-/remapping-2.3.5.tgz 0ms (cache hit)
562 http cache gensync@https://registry.npmjs.org/gensync/-/gensync-1.0.0-beta.2.tgz 1ms (cache hit)
563 http cache convert-source-map@https://registry.npmjs.org/convert-source-map/-/convert-source-map-2.0.0.tgz 0ms (cache hit)
564 http cache @babel/traverse@https://registry.npmjs.org/@babel/traverse/-/traverse-7.29.0.tgz 0ms (cache hit)
565 http cache @babel/helpers@https://registry.npmjs.org/@babel/helpers/-/helpers-7.29.2.tgz 0ms (cache hit)
566 http cache jsesc@https://registry.npmjs.org/jsesc/-/jsesc-3.1.0.tgz 0ms (cache hit)
567 http cache @babel/helper-module-transforms@https://registry.npmjs.org/@babel/helper-module-transforms/-/helper-module-transforms-7.28.6.tgz 0ms (cache hit)
568 http cache @babel/template@https://registry.npmjs.org/@babel/template/-/template-7.28.6.tgz 0ms (cache hit)
569 http cache zod-validation-error@https://registry.npmjs.org/zod-validation-error/-/zod-validation-error-4.0.2.tgz 0ms (cache hit)
570 http cache @babel/helper-compilation-targets@https://registry.npmjs.org/@babel/helper-compilation-targets/-/helper-compilation-targets-7.28.6.tgz 0ms (cache hit)
571 http cache @babel/generator@https://registry.npmjs.org/@babel/generator/-/generator-7.29.1.tgz 0ms (cache hit)
572 http cache zod@https://registry.npmjs.org/zod/-/zod-4.4.3.tgz 0ms (cache hit)
573 http cache @babel/parser@https://registry.npmjs.org/@babel/parser/-/parser-7.29.3.tgz 0ms (cache hit)
574 http cache @babel/core@https://registry.npmjs.org/@babel/core/-/core-7.29.0.tgz 0ms (cache hit)
575 http cache hermes-parser@https://registry.npmjs.org/hermes-parser/-/hermes-parser-0.25.1.tgz 0ms (cache hit)
576 http cache @napi-rs/wasm-runtime@https://registry.npmjs.org/@napi-rs/wasm-runtime/-/wasm-runtime-0.2.12.tgz 0ms (cache hit)
577 http cache @emnapi/wasi-threads@https://registry.npmjs.org/@emnapi/wasi-threads/-/wasi-threads-1.2.1.tgz 0ms (cache hit)
578 http cache @emnapi/core@https://registry.npmjs.org/@emnapi/core/-/core-1.10.0.tgz 0ms (cache hit)
579 http cache @babel/code-frame@https://registry.npmjs.org/@babel/code-frame/-/code-frame-7.29.0.tgz 0ms (cache hit)
580 http cache @next/swc-win32-x64-msvc@https://registry.npmjs.org/@next/swc-win32-x64-msvc/-/swc-win32-x64-msvc-16.2.6.tgz 1ms (cache hit)
581 http cache typescript-eslint@https://registry.npmjs.org/typescript-eslint/-/typescript-eslint-8.59.3.tgz 0ms (cache hit)
582 http cache eslint-config-next@https://registry.npmjs.org/eslint-config-next/-/eslint-config-next-16.2.6.tgz 0ms (cache hit)
583 http cache @tybys/wasm-util@https://registry.npmjs.org/@tybys/wasm-util/-/wasm-util-0.10.2.tgz 0ms (cache hit)
584 http cache @next/eslint-plugin-next@https://registry.npmjs.org/@next/eslint-plugin-next/-/eslint-plugin-next-16.2.6.tgz 0ms (cache hit)
585 http cache next@https://registry.npmjs.org/next/-/next-16.2.6.tgz 0ms (cache hit)
586 http cache semver@https://registry.npmjs.org/semver/-/semver-6.3.1.tgz 0ms (cache hit)
587 http cache eslint-plugin-react-hooks@https://registry.npmjs.org/eslint-plugin-react-hooks/-/eslint-plugin-react-hooks-7.1.1.tgz 0ms (cache hit)
588 http cache @next/env@https://registry.npmjs.org/@next/env/-/env-16.2.6.tgz 0ms (cache hit)
589 http cache semver@https://registry.npmjs.org/semver/-/semver-6.3.1.tgz 0ms (cache hit)
590 silly tarball no local data for yallist@https://registry.npmjs.org/yallist/-/yallist-3.1.1.tgz. Extracting by manifest.
591 silly tarball no local data for hermes-estree@https://registry.npmjs.org/hermes-estree/-/hermes-estree-0.25.1.tgz. Extracting by manifest.
592 silly tarball no local data for @babel/helper-string-parser@https://registry.npmjs.org/@babel/helper-string-parser/-/helper-string-parser-7.27.1.tgz. Extracting by manifest.
593 silly tarball no local data for lru-cache@https://registry.npmjs.org/lru-cache/-/lru-cache-5.1.1.tgz. Extracting by manifest.
594 silly tarball no local data for @babel/helper-validator-option@https://registry.npmjs.org/@babel/helper-validator-option/-/helper-validator-option-7.27.1.tgz. Extracting by manifest.
595 http cache json5@https://registry.npmjs.org/json5/-/json5-2.2.3.tgz 0ms (cache hit)
596 http cache globals@https://registry.npmjs.org/globals/-/globals-16.4.0.tgz 0ms (cache hit)
597 silly tarball no local data for @babel/helper-module-imports@https://registry.npmjs.org/@babel/helper-module-imports/-/helper-module-imports-7.28.6.tgz. Extracting by manifest.
598 silly tarball no local data for @babel/helper-globals@https://registry.npmjs.org/@babel/helper-globals/-/helper-globals-7.28.0.tgz. Extracting by manifest.
599 silly tarball no local data for @babel/compat-data@https://registry.npmjs.org/@babel/compat-data/-/compat-data-7.29.3.tgz. Extracting by manifest.
600 silly tarball no local data for @babel/helper-validator-identifier@https://registry.npmjs.org/@babel/helper-validator-identifier/-/helper-validator-identifier-7.28.5.tgz. Extracting by manifest.
601 silly tarball no local data for @babel/types@https://registry.npmjs.org/@babel/types/-/types-7.29.0.tgz. Extracting by manifest.
602 silly tarball no local data for @jridgewell/remapping@https://registry.npmjs.org/@jridgewell/remapping/-/remapping-2.3.5.tgz. Extracting by manifest.
603 silly tarball no local data for gensync@https://registry.npmjs.org/gensync/-/gensync-1.0.0-beta.2.tgz. Extracting by manifest.
604 silly tarball no local data for convert-source-map@https://registry.npmjs.org/convert-source-map/-/convert-source-map-2.0.0.tgz. Extracting by manifest.
605 silly tarball no local data for @babel/traverse@https://registry.npmjs.org/@babel/traverse/-/traverse-7.29.0.tgz. Extracting by manifest.
606 silly tarball no local data for @babel/helpers@https://registry.npmjs.org/@babel/helpers/-/helpers-7.29.2.tgz. Extracting by manifest.
607 silly tarball no local data for jsesc@https://registry.npmjs.org/jsesc/-/jsesc-3.1.0.tgz. Extracting by manifest.
608 silly tarball no local data for @babel/helper-module-transforms@https://registry.npmjs.org/@babel/helper-module-transforms/-/helper-module-transforms-7.28.6.tgz. Extracting by manifest.
609 silly tarball no local data for @babel/template@https://registry.npmjs.org/@babel/template/-/template-7.28.6.tgz. Extracting by manifest.
610 silly tarball no local data for zod-validation-error@https://registry.npmjs.org/zod-validation-error/-/zod-validation-error-4.0.2.tgz. Extracting by manifest.
611 silly tarball no local data for @babel/helper-compilation-targets@https://registry.npmjs.org/@babel/helper-compilation-targets/-/helper-compilation-targets-7.28.6.tgz. Extracting by manifest.
612 silly tarball no local data for @babel/generator@https://registry.npmjs.org/@babel/generator/-/generator-7.29.1.tgz. Extracting by manifest.
613 silly tarball no local data for zod@https://registry.npmjs.org/zod/-/zod-4.4.3.tgz. Extracting by manifest.
614 silly tarball no local data for @babel/parser@https://registry.npmjs.org/@babel/parser/-/parser-7.29.3.tgz. Extracting by manifest.
615 silly tarball no local data for @babel/core@https://registry.npmjs.org/@babel/core/-/core-7.29.0.tgz. Extracting by manifest.
616 silly tarball no local data for hermes-parser@https://registry.npmjs.org/hermes-parser/-/hermes-parser-0.25.1.tgz. Extracting by manifest.
617 silly tarball no local data for @babel/code-frame@https://registry.npmjs.org/@babel/code-frame/-/code-frame-7.29.0.tgz. Extracting by manifest.
618 silly tarball no local data for @next/swc-win32-x64-msvc@https://registry.npmjs.org/@next/swc-win32-x64-msvc/-/swc-win32-x64-msvc-16.2.6.tgz. Extracting by manifest.
619 silly tarball no local data for typescript-eslint@https://registry.npmjs.org/typescript-eslint/-/typescript-eslint-8.59.3.tgz. Extracting by manifest.
620 silly tarball no local data for eslint-config-next@https://registry.npmjs.org/eslint-config-next/-/eslint-config-next-16.2.6.tgz. Extracting by manifest.
621 silly tarball no local data for @next/eslint-plugin-next@https://registry.npmjs.org/@next/eslint-plugin-next/-/eslint-plugin-next-16.2.6.tgz. Extracting by manifest.
622 silly tarball no local data for next@https://registry.npmjs.org/next/-/next-16.2.6.tgz. Extracting by manifest.
623 silly tarball no local data for eslint-plugin-react-hooks@https://registry.npmjs.org/eslint-plugin-react-hooks/-/eslint-plugin-react-hooks-7.1.1.tgz. Extracting by manifest.
624 silly tarball no local data for @next/env@https://registry.npmjs.org/@next/env/-/env-16.2.6.tgz. Extracting by manifest.
625 silly tarball no local data for json5@https://registry.npmjs.org/json5/-/json5-2.2.3.tgz. Extracting by manifest.
626 silly tarball no local data for globals@https://registry.npmjs.org/globals/-/globals-16.4.0.tgz. Extracting by manifest.
627 http fetch POST 200 https://registry.npmjs.org/-/npm/v1/security/advisories/bulk 600ms
628 silly audit report {
628 silly audit report   postcss: [
628 silly audit report     {
628 silly audit report       id: 1117015,
628 silly audit report       url: 'https://github.com/advisories/GHSA-qx2v-qp2m-jg93',
628 silly audit report       title: 'PostCSS has XSS via Unescaped </style> in its CSS Stringify Output',
628 silly audit report       severity: 'moderate',
628 silly audit report       vulnerable_versions: '<8.5.10',
628 silly audit report       cwe: [Array],
628 silly audit report       cvss: [Object]
628 silly audit report     }
628 silly audit report   ]
628 silly audit report }
629 silly packumentCache corgi:https://registry.npmjs.org/postcss cache-miss
630 http fetch GET 200 https://registry.npmjs.org/@babel/helper-globals/-/helper-globals-7.28.0.tgz 1008ms (cache miss)
631 http fetch GET 200 https://registry.npmjs.org/@babel/compat-data/-/compat-data-7.29.3.tgz 1037ms (cache miss)
632 http fetch GET 200 https://registry.npmjs.org/@jridgewell/remapping/-/remapping-2.3.5.tgz 1032ms (cache miss)
633 http fetch GET 200 https://registry.npmjs.org/yallist/-/yallist-3.1.1.tgz 1143ms (cache miss)
634 http fetch GET 200 https://registry.npmjs.org/eslint-config-next/-/eslint-config-next-16.2.6.tgz 1108ms (cache miss)
635 http fetch GET 200 https://registry.npmjs.org/@babel/helper-string-parser/-/helper-string-parser-7.27.1.tgz 1161ms (cache miss)
636 http cache https://registry.npmjs.org/postcss 684ms (cache hit)
637 silly packumentCache corgi:https://registry.npmjs.org/postcss set size:343873 disposed:false
638 silly packumentCache corgi:https://registry.npmjs.org/next cache-miss
639 http fetch GET 200 https://registry.npmjs.org/lru-cache/-/lru-cache-5.1.1.tgz 1203ms (cache miss)
640 http fetch GET 200 https://registry.npmjs.org/@next/env/-/env-16.2.6.tgz 1187ms (cache miss)
641 http fetch GET 200 https://registry.npmjs.org/@babel/code-frame/-/code-frame-7.29.0.tgz 1234ms (cache miss)
642 http fetch GET 200 https://registry.npmjs.org/jsesc/-/jsesc-3.1.0.tgz 1296ms (cache miss)
643 http fetch GET 200 https://registry.npmjs.org/gensync/-/gensync-1.0.0-beta.2.tgz 1337ms (cache miss)
644 http fetch GET 200 https://registry.npmjs.org/convert-source-map/-/convert-source-map-2.0.0.tgz 1462ms (cache miss)
645 http fetch GET 200 https://registry.npmjs.org/@babel/helper-validator-option/-/helper-validator-option-7.27.1.tgz 1484ms (cache miss)
646 http fetch GET 200 https://registry.npmjs.org/@babel/helper-validator-identifier/-/helper-validator-identifier-7.28.5.tgz 1488ms (cache miss)
647 http cache https://registry.npmjs.org/next 503ms (cache hit)
648 silly packumentCache corgi:https://registry.npmjs.org/next set size:24953692 disposed:false
649 http fetch GET 200 https://registry.npmjs.org/@babel/helper-module-imports/-/helper-module-imports-7.28.6.tgz 3114ms (cache miss)
650 http fetch GET 200 https://registry.npmjs.org/typescript-eslint/-/typescript-eslint-8.59.3.tgz 3109ms (cache miss)
651 http fetch GET 200 https://registry.npmjs.org/globals/-/globals-16.4.0.tgz 3140ms (cache miss)
652 http fetch GET 200 https://registry.npmjs.org/@babel/helper-compilation-targets/-/helper-compilation-targets-7.28.6.tgz 3481ms (cache miss)
653 http fetch GET 200 https://registry.npmjs.org/@babel/template/-/template-7.28.6.tgz 3636ms (cache miss)
654 http fetch GET 200 https://registry.npmjs.org/zod-validation-error/-/zod-validation-error-4.0.2.tgz 3634ms (cache miss)
655 http fetch GET 200 https://registry.npmjs.org/hermes-estree/-/hermes-estree-0.25.1.tgz 3676ms (cache miss)
656 http fetch GET 200 https://registry.npmjs.org/@babel/helper-module-transforms/-/helper-module-transforms-7.28.6.tgz 3696ms (cache miss)
657 http fetch GET 200 https://registry.npmjs.org/json5/-/json5-2.2.3.tgz 3729ms (cache miss)
658 http fetch GET 200 https://registry.npmjs.org/@babel/parser/-/parser-7.29.3.tgz 4326ms (cache miss)
659 http fetch GET 200 https://registry.npmjs.org/@next/eslint-plugin-next/-/eslint-plugin-next-16.2.6.tgz 4664ms (cache miss)
660 http fetch GET 200 https://registry.npmjs.org/@babel/generator/-/generator-7.29.1.tgz 4730ms (cache miss)
661 http fetch GET 200 https://registry.npmjs.org/eslint-plugin-react-hooks/-/eslint-plugin-react-hooks-7.1.1.tgz 4836ms (cache miss)
662 http fetch GET 200 https://registry.npmjs.org/hermes-parser/-/hermes-parser-0.25.1.tgz 4873ms (cache miss)
663 http fetch GET 200 https://registry.npmjs.org/@babel/traverse/-/traverse-7.29.0.tgz 5395ms (cache miss)
664 http fetch GET 200 https://registry.npmjs.org/@babel/core/-/core-7.29.0.tgz 6545ms (cache miss)
665 http fetch GET 200 https://registry.npmjs.org/@babel/types/-/types-7.29.0.tgz 7925ms (cache miss)
666 http fetch GET 200 https://registry.npmjs.org/@babel/helpers/-/helpers-7.29.2.tgz 8159ms (cache miss)
667 http fetch GET 200 https://registry.npmjs.org/zod/-/zod-4.4.3.tgz 12992ms (cache miss)
668 http fetch GET 200 https://registry.npmjs.org/@next/swc-win32-x64-msvc/-/swc-win32-x64-msvc-16.2.6.tgz 13976ms (cache miss)
669 http fetch GET 200 https://registry.npmjs.org/next/-/next-16.2.6.tgz 55763ms (cache miss)
670 silly ADD
671 silly ADD
672 silly ADD
673 silly ADD
674 silly ADD
675 silly ADD
676 silly ADD
677 silly ADD node_modules/yallist
678 silly ADD node_modules/hermes-estree
679 silly ADD node_modules/@babel/helper-string-parser
680 silly ADD node_modules/@babel/helper-globals
681 silly ADD node_modules/@babel/helper-module-imports
682 silly ADD node_modules/lru-cache
683 silly ADD node_modules/@babel/helper-validator-option
684 silly ADD node_modules/@babel/compat-data
685 silly ADD node_modules/jsesc
686 silly ADD node_modules/@babel/helper-validator-identifier
687 silly ADD node_modules/gensync
688 silly ADD node_modules/convert-source-map
689 silly ADD node_modules/@jridgewell/remapping
690 silly ADD node_modules/@babel/types
691 silly ADD node_modules/@babel/traverse
692 silly ADD node_modules/@babel/template
693 silly ADD node_modules/@babel/helpers
694 silly ADD node_modules/@babel/helper-module-transforms
695 silly ADD node_modules/@babel/helper-compilation-targets
696 silly ADD node_modules/@babel/helper-compilation-targets/node_modules/semver
697 silly ADD node_modules/@babel/generator
698 silly ADD node_modules/@babel/code-frame
699 silly ADD node_modules/zod-validation-error
700 silly ADD node_modules/zod
701 silly ADD node_modules/hermes-parser
702 silly ADD node_modules/@babel/parser
703 silly ADD node_modules/@babel/core
704 silly ADD node_modules/@babel/core/node_modules/semver
705 silly ADD node_modules/@babel/core/node_modules/json5
706 silly ADD node_modules/typescript-eslint
707 silly ADD
708 silly ADD
709 silly ADD
710 silly ADD
711 silly ADD
712 silly ADD
713 silly ADD
714 silly ADD
715 silly ADD
716 silly ADD
717 silly ADD
718 silly ADD
719 silly ADD
720 silly ADD
721 silly ADD
722 silly ADD
723 silly ADD
724 silly ADD
725 silly ADD
726 silly ADD
727 silly ADD
728 silly ADD
729 silly ADD
730 silly ADD
731 silly ADD
732 silly ADD
733 silly ADD
734 silly ADD
735 silly ADD
736 silly ADD
737 silly ADD
738 silly ADD
739 silly ADD
740 silly ADD
741 silly ADD
742 silly ADD
743 silly ADD
744 silly ADD
745 silly ADD
746 silly ADD
747 silly ADD
748 silly ADD
749 silly ADD
750 silly ADD
751 silly ADD
752 silly ADD
753 silly REMOVE node_modules/streamsearch
754 silly CHANGE node_modules/next
755 silly CHANGE node_modules/eslint-plugin-react-hooks
756 silly CHANGE node_modules/eslint-config-next
757 silly ADD node_modules/eslint-config-next/node_modules/globals
758 silly REMOVE node_modules/busboy
759 silly REMOVE node_modules/@swc/counter
760 silly REMOVE node_modules/@rushstack/eslint-patch
761 silly CHANGE node_modules/@next/swc-win32-x64-msvc
762 silly CHANGE node_modules/@next/eslint-plugin-next
763 silly CHANGE node_modules/@next/env
764 verbose cwd C:\Users\Supraj U Shivajji\Downloads\hackathon\pro1
765 verbose os Windows_NT 10.0.26200
766 verbose node v22.17.0
767 verbose npm  v10.9.2
768 verbose exit 0
769 info ok
