0 verbose cli C:\Program Files\nodejs\node.exe C:\Program Files\nodejs\node_modules\npm\bin\npm-cli.js
1 info using npm@10.9.2
2 info using node@v22.17.0
3 silly config load:file:C:\Program Files\nodejs\node_modules\npm\npmrc
4 silly config load:file:C:\Users\Supraj U Shivajji\Downloads\hackathon\pro1\.npmrc
5 silly config load:file:C:\Users\Supraj U Shivajji\.npmrc
6 silly config load:file:C:\Users\Supraj U Shivajji\AppData\Roaming\npm\etc\npmrc
7 verbose title npm install
8 verbose argv "install" "--cache" ".npm-cache"
9 verbose logfile logs-max:10 dir:C:\Users\Supraj U Shivajji\Downloads\hackathon\pro1\.npm-cache\_logs\2026-05-15T14_26_21_878Z-
10 verbose logfile C:\Users\Supraj U Shivajji\Downloads\hackathon\pro1\.npm-cache\_logs\2026-05-15T14_26_21_878Z-debug-0.log
11 silly logfile done cleaning log files
12 silly packumentCache heap:4345298944 maxSize:1086324736 maxEntrySize:543162368
13 silly idealTree buildDeps
14 silly fetch manifest framer-motion@^12.23.24
15 silly packumentCache full:https://registry.npmjs.org/framer-motion cache-miss
16 http fetch GET https://registry.npmjs.org/npm attempt 1 failed with EACCES
17 http fetch GET https://registry.npmjs.org/framer-motion attempt 1 failed with EACCES
18 http fetch GET https://registry.npmjs.org/npm attempt 2 failed with EACCES
19 http fetch GET https://registry.npmjs.org/framer-motion attempt 2 failed with EACCES
20 http fetch GET https://registry.npmjs.org/npm attempt 3 failed with EACCES
21 http fetch GET https://registry.npmjs.org/framer-motion attempt 3 failed with EACCES
22 silly fetch manifest lucide-react@^0.468.0
23 silly packumentCache full:https://registry.npmjs.org/lucide-react cache-miss
24 http fetch GET https://registry.npmjs.org/lucide-react attempt 1 failed with EACCES
25 http fetch GET https://registry.npmjs.org/lucide-react attempt 2 failed with EACCES
