0 verbose cli C:\Program Files\nodejs\node.exe C:\Program Files\nodejs\node_modules\npm\bin\npm-cli.js
1 info using npm@10.9.2
2 info using node@v22.17.0
3 silly config load:file:C:\Program Files\nodejs\node_modules\npm\npmrc
4 silly config load:file:C:\Users\Supraj U Shivajji\Downloads\hackathon\pro1\.npmrc
5 silly config load:file:C:\Users\Supraj U Shivajji\.npmrc
6 silly config load:file:C:\Users\Supraj U Shivajji\AppData\Roaming\npm\etc\npmrc
7 verbose title npm install
8 verbose argv "install" "--cache" ".npm-cache" "--fetch-retries" "1" "--fetch-timeout" "30000" "--loglevel" "warn"
9 verbose logfile logs-max:10 dir:C:\Users\Supraj U Shivajji\Downloads\hackathon\pro1\.npm-cache\_logs\2026-05-15T15_12_15_948Z-
10 verbose logfile C:\Users\Supraj U Shivajji\Downloads\hackathon\pro1\.npm-cache\_logs\2026-05-15T15_12_15_948Z-debug-0.log
11 silly logfile done cleaning log files
12 silly packumentCache heap:4345298944 maxSize:1086324736 maxEntrySize:543162368
13 verbose stack Error: Override for postcss@^8.4.49 conflicts with direct dependency
13 verbose stack     at Node.assertRootOverrides (C:\Program Files\nodejs\node_modules\npm\node_modules\@npmcli\arborist\lib\node.js:1336:29)
13 verbose stack     at #loadActual (C:\Program Files\nodejs\node_modules\npm\node_modules\@npmcli\arborist\lib\arborist\load-actual.js:133:24)
13 verbose stack     at async Promise.all (index 0)
13 verbose stack     at async Arborist.reify (C:\Program Files\nodejs\node_modules\npm\node_modules\@npmcli\arborist\lib\arborist\reify.js:131:5)
13 verbose stack     at async Install.exec (C:\Program Files\nodejs\node_modules\npm\lib\commands\install.js:150:5)
13 verbose stack     at async Npm.exec (C:\Program Files\nodejs\node_modules\npm\lib\npm.js:207:9)
13 verbose stack     at async module.exports (C:\Program Files\nodejs\node_modules\npm\lib\cli\entry.js:74:5)
14 error code EOVERRIDE
15 error Override for postcss@^8.4.49 conflicts with direct dependency
16 silly unfinished npm timer reify 1778857936753
17 silly unfinished npm timer reify:loadTrees 1778857936756
18 silly unfinished npm timer idealTree 1778857936757
19 silly unfinished npm timer idealTree:init 1778857936757
20 verbose cwd C:\Users\Supraj U Shivajji\Downloads\hackathon\pro1
21 verbose os Windows_NT 10.0.26200
22 verbose node v22.17.0
23 verbose npm  v10.9.2
24 verbose exit 1
25 verbose code 1
26 error A complete log of this run can be found in: C:\Users\Supraj U Shivajji\Downloads\hackathon\pro1\.npm-cache\_logs\2026-05-15T15_12_15_948Z-debug-0.log
